<testsuites id="" name="" tests="1" failures="1" skipped="0" errors="0" time="16.246314">
<testsuite name="procurement-test.spec.ts" timestamp="2025-08-22T01:07:49.612Z" hostname="chromium" tests="1" failures="1" skipped="0" time="13.377" errors="0">
<testcase name="Procurement Module Tests â€º Procurement routes should be accessible" classname="procurement-test.spec.ts" time="13.377">
<failure message="procurement-test.spec.ts:6:3 Procurement routes should be accessible" type="FAILURE">
<![CDATA[  [chromium] â€º procurement-test.spec.ts:6:3 â€º Procurement Module Tests â€º Procurement routes should be accessible 

    Error: expect(received).toBe(expected) // Object.is equality

    Expected: 4
    Received: 0

       99 |     // Routes are valid if they either pass or require authentication (means they exist)
      100 |     const validRoutes = passed + authRequired;
    > 101 |     expect(validRoutes).toBe(procurementRoutes.length);
          |                         ^
      102 |   });
      103 | });
        at C:\Jarvis\AI Workspace\FibreFlow_React\tests\e2e\procurement-test.spec.ts:101:25

    attachment #1: screenshot (image/png) â”€â”€â”€â”€â”€â”€â”€â”€â”€â”€â”€â”€â”€â”€â”€â”€â”€â”€â”€â”€â”€â”€â”€â”€â”€â”€â”€â”€â”€â”€â”€â”€â”€â”€â”€â”€â”€â”€â”€â”€â”€â”€â”€â”€â”€â”€â”€â”€â”€â”€â”€â”€â”€â”€â”€â”€â”€â”€
    ..\..\test-results\procurement-test-Procureme-3369c-routes-should-be-accessible-chromium\test-failed-1.png
    â”€â”€â”€â”€â”€â”€â”€â”€â”€â”€â”€â”€â”€â”€â”€â”€â”€â”€â”€â”€â”€â”€â”€â”€â”€â”€â”€â”€â”€â”€â”€â”€â”€â”€â”€â”€â”€â”€â”€â”€â”€â”€â”€â”€â”€â”€â”€â”€â”€â”€â”€â”€â”€â”€â”€â”€â”€â”€â”€â”€â”€â”€â”€â”€â”€â”€â”€â”€â”€â”€â”€â”€â”€â”€â”€â”€â”€â”€â”€â”€â”€â”€â”€â”€â”€â”€â”€â”€â”€â”€â”€â”€â”€â”€â”€â”€

    attachment #2: video (video/webm) â”€â”€â”€â”€â”€â”€â”€â”€â”€â”€â”€â”€â”€â”€â”€â”€â”€â”€â”€â”€â”€â”€â”€â”€â”€â”€â”€â”€â”€â”€â”€â”€â”€â”€â”€â”€â”€â”€â”€â”€â”€â”€â”€â”€â”€â”€â”€â”€â”€â”€â”€â”€â”€â”€â”€â”€â”€â”€â”€â”€â”€â”€
    ..\..\test-results\procurement-test-Procureme-3369c-routes-should-be-accessible-chromium\video.webm
    â”€â”€â”€â”€â”€â”€â”€â”€â”€â”€â”€â”€â”€â”€â”€â”€â”€â”€â”€â”€â”€â”€â”€â”€â”€â”€â”€â”€â”€â”€â”€â”€â”€â”€â”€â”€â”€â”€â”€â”€â”€â”€â”€â”€â”€â”€â”€â”€â”€â”€â”€â”€â”€â”€â”€â”€â”€â”€â”€â”€â”€â”€â”€â”€â”€â”€â”€â”€â”€â”€â”€â”€â”€â”€â”€â”€â”€â”€â”€â”€â”€â”€â”€â”€â”€â”€â”€â”€â”€â”€â”€â”€â”€â”€â”€â”€

    Error Context: ..\..\test-results\procurement-test-Procureme-3369c-routes-should-be-accessible-chromium\error-context.md
]]>
</failure>
<system-out>
<![CDATA[âœ… Login successful
âŒ Procurement Overview: /app/procurement (FAIL)
âŒ BOQ List: /app/procurement/boq (FAIL)
âŒ RFQ List: /app/procurement/rfq (FAIL)
âŒ Suppliers Management: /app/procurement/suppliers (FAIL)

Sidebar has Procurement: âœ…

âœ… Passed: 0/4
ðŸ” Auth Required: 0/4

[[ATTACHMENT|procurement-test-Procureme-3369c-routes-should-be-accessible-chromium\test-failed-1.png]]

[[ATTACHMENT|procurement-test-Procureme-3369c-routes-should-be-accessible-chromium\video.webm]]

[[ATTACHMENT|procurement-test-Procureme-3369c-routes-should-be-accessible-chromium\error-context.md]]
]]>
</system-out>
</testcase>
</testsuite>
</testsuites>