<testsuites id="" name="" tests="1" failures="0" skipped="0" errors="0" time="19.473149999999997">
<testsuite name="projects-test.spec.ts" timestamp="2025-08-22T01:16:34.448Z" hostname="chromium" tests="1" failures="0" skipped="0" time="10.36" errors="0">
<testcase name="Projects Page Tests › Projects page should load without errors" classname="projects-test.spec.ts" time="10.36">
<system-out>
<![CDATA[Current URL: http://localhost:5173/app/projects
Error boundary triggered: [33mfalse[39m
Console errors: [
  [32m'Failed to load resource: the server responded with a status of 404 (Not Found)'[39m
]
]]>
</system-out>
</testcase>
</testsuite>
</testsuites>