<testsuites id="" name="" tests="1" failures="0" skipped="0" errors="0" time="12.483307">
<testsuite name="quick-visual-comparison.spec.ts" timestamp="2025-08-27T08:06:22.052Z" hostname="chromium" tests="1" failures="0" skipped="0" time="8.658" errors="0">
<testcase name="Quick Visual Comparison - Desktop" classname="quick-visual-comparison.spec.ts" time="8.658">
<system-out>
<![CDATA[🔍 Navigating to Development Environment...
🔍 Navigating to Production Environment...
📸 Capturing Development Screenshot...
📸 Capturing Production Screenshot...
✅ Screenshots captured successfully
]]>
</system-out>
</testcase>
</testsuite>
</testsuites>