<testsuites id="" name="" tests="156" failures="152" skipped="0" errors="0" time="128.30529800000002">
<testsuite name="dashboard.spec.ts" timestamp="2025-08-22T10:44:03.231Z" hostname="chromium" tests="18" failures="18" skipped="0" time="247.526" errors="0">
<testcase name="Dashboard › @smoke Dashboard Basic Functionality › should display dashboard title and welcome message" classname="dashboard.spec.ts" time="15.961">
<failure message="dashboard.spec.ts:18:5 should display dashboard title and welcome message" type="FAILURE">
<![CDATA[  [chromium] › dashboard.spec.ts:18:5 › Dashboard › @smoke Dashboard Basic Functionality › should display dashboard title and welcome message 

    Test timeout of 10000ms exceeded while running "beforeEach" hook.

       7 |
       8 | test.describe('Dashboard', () => {
    >  9 |   test.beforeEach(async ({ page }) => {
         |        ^
      10 |     // Navigate to dashboard
      11 |     await page.goto('/');
      12 |     
        at C:\Jarvis\AI Workspace\FibreFlow_React\dev-tools\testing\tests\e2e\dashboard.spec.ts:9:8

    Error: page.goto: Test timeout of 10000ms exceeded.
    Call log:
      - navigating to "http://localhost:5173/", waiting until "load"


       9 |   test.beforeEach(async ({ page }) => {
      10 |     // Navigate to dashboard
    > 11 |     await page.goto('/');
         |                ^
      12 |     
      13 |     // Wait for the page to load
      14 |     await page.waitForLoadState('networkidle');
        at C:\Jarvis\AI Workspace\FibreFlow_React\dev-tools\testing\tests\e2e\dashboard.spec.ts:11:16

    attachment #1: screenshot (image/png) ──────────────────────────────────────────────────────────
    ..\..\test-results\dashboard-Dashboard-smoke--1140d-d-title-and-welcome-message-chromium\test-failed-1.png
    ────────────────────────────────────────────────────────────────────────────────────────────────

    attachment #2: video (video/webm) ──────────────────────────────────────────────────────────────
    ..\..\test-results\dashboard-Dashboard-smoke--1140d-d-title-and-welcome-message-chromium\video.webm
    ────────────────────────────────────────────────────────────────────────────────────────────────
]]>
</failure>
<system-out>
<![CDATA[
[[ATTACHMENT|dashboard-Dashboard-smoke--1140d-d-title-and-welcome-message-chromium\test-failed-1.png]]

[[ATTACHMENT|dashboard-Dashboard-smoke--1140d-d-title-and-welcome-message-chromium\video.webm]]
]]>
</system-out>
</testcase>
<testcase name="Dashboard › @smoke Dashboard Basic Functionality › should display all stat cards" classname="dashboard.spec.ts" time="15.457">
<failure message="dashboard.spec.ts:26:5 should display all stat cards" type="FAILURE">
<![CDATA[  [chromium] › dashboard.spec.ts:26:5 › Dashboard › @smoke Dashboard Basic Functionality › should display all stat cards 

    Test timeout of 10000ms exceeded while running "beforeEach" hook.

       7 |
       8 | test.describe('Dashboard', () => {
    >  9 |   test.beforeEach(async ({ page }) => {
         |        ^
      10 |     // Navigate to dashboard
      11 |     await page.goto('/');
      12 |     
        at C:\Jarvis\AI Workspace\FibreFlow_React\dev-tools\testing\tests\e2e\dashboard.spec.ts:9:8

    Error: page.goto: Test timeout of 10000ms exceeded.
    Call log:
      - navigating to "http://localhost:5173/", waiting until "load"


       9 |   test.beforeEach(async ({ page }) => {
      10 |     // Navigate to dashboard
    > 11 |     await page.goto('/');
         |                ^
      12 |     
      13 |     // Wait for the page to load
      14 |     await page.waitForLoadState('networkidle');
        at C:\Jarvis\AI Workspace\FibreFlow_React\dev-tools\testing\tests\e2e\dashboard.spec.ts:11:16

    attachment #1: screenshot (image/png) ──────────────────────────────────────────────────────────
    ..\..\test-results\dashboard-Dashboard-smoke--87157-ould-display-all-stat-cards-chromium\test-failed-1.png
    ────────────────────────────────────────────────────────────────────────────────────────────────

    attachment #2: video (video/webm) ──────────────────────────────────────────────────────────────
    ..\..\test-results\dashboard-Dashboard-smoke--87157-ould-display-all-stat-cards-chromium\video.webm
    ────────────────────────────────────────────────────────────────────────────────────────────────
]]>
</failure>
<system-out>
<![CDATA[
[[ATTACHMENT|dashboard-Dashboard-smoke--87157-ould-display-all-stat-cards-chromium\test-failed-1.png]]

[[ATTACHMENT|dashboard-Dashboard-smoke--87157-ould-display-all-stat-cards-chromium\video.webm]]
]]>
</system-out>
</testcase>
<testcase name="Dashboard › @smoke Dashboard Basic Functionality › should display recent activity section" classname="dashboard.spec.ts" time="20.017">
<failure message="dashboard.spec.ts:42:5 should display recent activity section" type="FAILURE">
<![CDATA[  [chromium] › dashboard.spec.ts:42:5 › Dashboard › @smoke Dashboard Basic Functionality › should display recent activity section 

    Test timeout of 10000ms exceeded while running "beforeEach" hook.

       7 |
       8 | test.describe('Dashboard', () => {
    >  9 |   test.beforeEach(async ({ page }) => {
         |        ^
      10 |     // Navigate to dashboard
      11 |     await page.goto('/');
      12 |     
        at C:\Jarvis\AI Workspace\FibreFlow_React\dev-tools\testing\tests\e2e\dashboard.spec.ts:9:8

    Error: page.goto: net::ERR_ABORTED at http://localhost:5173/
    Call log:
      - navigating to "http://localhost:5173/", waiting until "load"


       9 |   test.beforeEach(async ({ page }) => {
      10 |     // Navigate to dashboard
    > 11 |     await page.goto('/');
         |                ^
      12 |     
      13 |     // Wait for the page to load
      14 |     await page.waitForLoadState('networkidle');
        at C:\Jarvis\AI Workspace\FibreFlow_React\dev-tools\testing\tests\e2e\dashboard.spec.ts:11:16

    Tearing down "context" exceeded the test timeout of 10000ms.
]]>
</failure>
</testcase>
<testcase name="Dashboard › @smoke Dashboard Basic Functionality › should display quick actions section" classname="dashboard.spec.ts" time="17.649">
<failure message="dashboard.spec.ts:51:5 should display quick actions section" type="FAILURE">
<![CDATA[  [chromium] › dashboard.spec.ts:51:5 › Dashboard › @smoke Dashboard Basic Functionality › should display quick actions section 

    Test timeout of 10000ms exceeded while running "beforeEach" hook.

       7 |
       8 | test.describe('Dashboard', () => {
    >  9 |   test.beforeEach(async ({ page }) => {
         |        ^
      10 |     // Navigate to dashboard
      11 |     await page.goto('/');
      12 |     
        at C:\Jarvis\AI Workspace\FibreFlow_React\dev-tools\testing\tests\e2e\dashboard.spec.ts:9:8

    Error: page.goto: Test timeout of 10000ms exceeded.
    Call log:
      - navigating to "http://localhost:5173/", waiting until "load"


       9 |   test.beforeEach(async ({ page }) => {
      10 |     // Navigate to dashboard
    > 11 |     await page.goto('/');
         |                ^
      12 |     
      13 |     // Wait for the page to load
      14 |     await page.waitForLoadState('networkidle');
        at C:\Jarvis\AI Workspace\FibreFlow_React\dev-tools\testing\tests\e2e\dashboard.spec.ts:11:16

    attachment #1: video (video/webm) ──────────────────────────────────────────────────────────────
    ..\..\test-results\dashboard-Dashboard-smoke--66b18-splay-quick-actions-section-chromium\video.webm
    ────────────────────────────────────────────────────────────────────────────────────────────────
]]>
</failure>
<system-out>
<![CDATA[
[[ATTACHMENT|dashboard-Dashboard-smoke--66b18-splay-quick-actions-section-chromium\video.webm]]
]]>
</system-out>
</testcase>
<testcase name="Dashboard › @visual Dashboard Visual Elements › should have properly styled stat cards with colored top bars" classname="dashboard.spec.ts" time="16.914">
<failure message="dashboard.spec.ts:62:5 should have properly styled stat cards with colored top bars" type="FAILURE">
<![CDATA[  [chromium] › dashboard.spec.ts:62:5 › Dashboard › @visual Dashboard Visual Elements › should have properly styled stat cards with colored top bars 

    Test timeout of 10000ms exceeded while running "beforeEach" hook.

       7 |
       8 | test.describe('Dashboard', () => {
    >  9 |   test.beforeEach(async ({ page }) => {
         |        ^
      10 |     // Navigate to dashboard
      11 |     await page.goto('/');
      12 |     
        at C:\Jarvis\AI Workspace\FibreFlow_React\dev-tools\testing\tests\e2e\dashboard.spec.ts:9:8

    Error: page.goto: Test timeout of 10000ms exceeded.
    Call log:
      - navigating to "http://localhost:5173/", waiting until "load"


       9 |   test.beforeEach(async ({ page }) => {
      10 |     // Navigate to dashboard
    > 11 |     await page.goto('/');
         |                ^
      12 |     
      13 |     // Wait for the page to load
      14 |     await page.waitForLoadState('networkidle');
        at C:\Jarvis\AI Workspace\FibreFlow_React\dev-tools\testing\tests\e2e\dashboard.spec.ts:11:16

    attachment #1: video (video/webm) ──────────────────────────────────────────────────────────────
    ..\..\test-results\dashboard-Dashboard-visual-d0c24-cards-with-colored-top-bars-chromium\video.webm
    ────────────────────────────────────────────────────────────────────────────────────────────────
]]>
</failure>
<system-out>
<![CDATA[
[[ATTACHMENT|dashboard-Dashboard-visual-d0c24-cards-with-colored-top-bars-chromium\video.webm]]
]]>
</system-out>
</testcase>
<testcase name="Dashboard › @visual Dashboard Visual Elements › should have hover effects on stat cards" classname="dashboard.spec.ts" time="10.891">
<failure message="dashboard.spec.ts:75:5 should have hover effects on stat cards" type="FAILURE">
<![CDATA[  [chromium] › dashboard.spec.ts:75:5 › Dashboard › @visual Dashboard Visual Elements › should have hover effects on stat cards 

    Test timeout of 10000ms exceeded.

    Error: locator.hover: Test timeout of 10000ms exceeded.
    Call log:
      - waiting for locator('[class*="ff-stat-card"]').first()


      77 |       
      78 |       // Hover over the card
    > 79 |       await firstCard.hover();
         |                       ^
      80 |       
      81 |       // Wait for transition
      82 |       await page.waitForTimeout(300);
        at C:\Jarvis\AI Workspace\FibreFlow_React\dev-tools\testing\tests\e2e\dashboard.spec.ts:79:23

    attachment #1: screenshot (image/png) ──────────────────────────────────────────────────────────
    ..\..\test-results\dashboard-Dashboard-visual-1a7dc-hover-effects-on-stat-cards-chromium\test-failed-1.png
    ────────────────────────────────────────────────────────────────────────────────────────────────

    attachment #2: video (video/webm) ──────────────────────────────────────────────────────────────
    ..\..\test-results\dashboard-Dashboard-visual-1a7dc-hover-effects-on-stat-cards-chromium\video.webm
    ────────────────────────────────────────────────────────────────────────────────────────────────

    Error Context: ..\..\test-results\dashboard-Dashboard-visual-1a7dc-hover-effects-on-stat-cards-chromium\error-context.md
]]>
</failure>
<system-out>
<![CDATA[
[[ATTACHMENT|dashboard-Dashboard-visual-1a7dc-hover-effects-on-stat-cards-chromium\test-failed-1.png]]

[[ATTACHMENT|dashboard-Dashboard-visual-1a7dc-hover-effects-on-stat-cards-chromium\video.webm]]

[[ATTACHMENT|dashboard-Dashboard-visual-1a7dc-hover-effects-on-stat-cards-chromium\error-context.md]]
]]>
</system-out>
</testcase>
<testcase name="Dashboard › @visual Dashboard Visual Elements › should display icons in stat cards" classname="dashboard.spec.ts" time="17.413">
<failure message="dashboard.spec.ts:89:5 should display icons in stat cards" type="FAILURE">
<![CDATA[  [chromium] › dashboard.spec.ts:89:5 › Dashboard › @visual Dashboard Visual Elements › should display icons in stat cards 

    Test timeout of 10000ms exceeded while running "beforeEach" hook.

       7 |
       8 | test.describe('Dashboard', () => {
    >  9 |   test.beforeEach(async ({ page }) => {
         |        ^
      10 |     // Navigate to dashboard
      11 |     await page.goto('/');
      12 |     
        at C:\Jarvis\AI Workspace\FibreFlow_React\dev-tools\testing\tests\e2e\dashboard.spec.ts:9:8

    Error: page.goto: Test timeout of 10000ms exceeded.
    Call log:
      - navigating to "http://localhost:5173/", waiting until "load"


       9 |   test.beforeEach(async ({ page }) => {
      10 |     // Navigate to dashboard
    > 11 |     await page.goto('/');
         |                ^
      12 |     
      13 |     // Wait for the page to load
      14 |     await page.waitForLoadState('networkidle');
        at C:\Jarvis\AI Workspace\FibreFlow_React\dev-tools\testing\tests\e2e\dashboard.spec.ts:11:16

    attachment #1: video (video/webm) ──────────────────────────────────────────────────────────────
    ..\..\test-results\dashboard-Dashboard-visual-ad746-display-icons-in-stat-cards-chromium\video.webm
    ────────────────────────────────────────────────────────────────────────────────────────────────
]]>
</failure>
<system-out>
<![CDATA[
[[ATTACHMENT|dashboard-Dashboard-visual-ad746-display-icons-in-stat-cards-chromium\video.webm]]
]]>
</system-out>
</testcase>
<testcase name="Dashboard › @regression Dashboard Navigation › should navigate to projects page when projects card is clicked" classname="dashboard.spec.ts" time="7.026">
<failure message="dashboard.spec.ts:102:5 should navigate to projects page when projects card is clicked" type="FAILURE">
<![CDATA[  [chromium] › dashboard.spec.ts:102:5 › Dashboard › @regression Dashboard Navigation › should navigate to projects page when projects card is clicked 

    Error: locator.click: Error: strict mode violation: locator('text=Projects').locator('..') resolved to 5 elements:
        1) <a href="/app/projects" class="flex items-center rounded-lg transition-all duration-200 relative group px-3 py-2 space-x-3">…</a> aka getByRole('link', { name: 'Projects' })
        2) <div>…</div> aka getByText('Good afternoon, DevelopmentWelcome to your FibreFlow dashboard. Here\'s what\'s')
        3) <div class="space-y-2">…</div> aka getByText('Active Projects712.5%vs last')
        4) <div class="flex items-center space-x-2">…</div> aka locator('div').filter({ hasText: /^Active Projects$/ })
        5) <div class="flex items-start space-x-3">…</div> aka getByRole('button', { name: 'New Project Start a new fibre' })

    Call log:
      - waiting for locator('text=Projects').locator('..')


      102 |     test('should navigate to projects page when projects card is clicked', async ({ page }) => {
      103 |       const projectsCard = page.locator('text=Projects').locator('..');
    > 104 |       await projectsCard.click();
          |                          ^
      105 |       
      106 |       // Should navigate to projects page
      107 |       await expect(page).toHaveURL(/.*\/projects/);
        at C:\Jarvis\AI Workspace\FibreFlow_React\dev-tools\testing\tests\e2e\dashboard.spec.ts:104:26

    attachment #1: screenshot (image/png) ──────────────────────────────────────────────────────────
    ..\..\test-results\dashboard-Dashboard-regres-12e1a-en-projects-card-is-clicked-chromium\test-failed-1.png
    ────────────────────────────────────────────────────────────────────────────────────────────────

    attachment #2: video (video/webm) ──────────────────────────────────────────────────────────────
    ..\..\test-results\dashboard-Dashboard-regres-12e1a-en-projects-card-is-clicked-chromium\video.webm
    ────────────────────────────────────────────────────────────────────────────────────────────────

    Error Context: ..\..\test-results\dashboard-Dashboard-regres-12e1a-en-projects-card-is-clicked-chromium\error-context.md
]]>
</failure>
<system-out>
<![CDATA[
[[ATTACHMENT|dashboard-Dashboard-regres-12e1a-en-projects-card-is-clicked-chromium\test-failed-1.png]]

[[ATTACHMENT|dashboard-Dashboard-regres-12e1a-en-projects-card-is-clicked-chromium\video.webm]]

[[ATTACHMENT|dashboard-Dashboard-regres-12e1a-en-projects-card-is-clicked-chromium\error-context.md]]
]]>
</system-out>
</testcase>
<testcase name="Dashboard › @regression Dashboard Navigation › should navigate to staff page when staff card is clicked" classname="dashboard.spec.ts" time="12.807">
<failure message="dashboard.spec.ts:110:5 should navigate to staff page when staff card is clicked" type="FAILURE">
<![CDATA[  [chromium] › dashboard.spec.ts:110:5 › Dashboard › @regression Dashboard Navigation › should navigate to staff page when staff card is clicked 

    Test timeout of 10000ms exceeded while running "beforeEach" hook.

       7 |
       8 | test.describe('Dashboard', () => {
    >  9 |   test.beforeEach(async ({ page }) => {
         |        ^
      10 |     // Navigate to dashboard
      11 |     await page.goto('/');
      12 |     
        at C:\Jarvis\AI Workspace\FibreFlow_React\dev-tools\testing\tests\e2e\dashboard.spec.ts:9:8

    Error: page.goto: Test timeout of 10000ms exceeded.
    Call log:
      - navigating to "http://localhost:5173/", waiting until "load"


       9 |   test.beforeEach(async ({ page }) => {
      10 |     // Navigate to dashboard
    > 11 |     await page.goto('/');
         |                ^
      12 |     
      13 |     // Wait for the page to load
      14 |     await page.waitForLoadState('networkidle');
        at C:\Jarvis\AI Workspace\FibreFlow_React\dev-tools\testing\tests\e2e\dashboard.spec.ts:11:16

    attachment #1: screenshot (image/png) ──────────────────────────────────────────────────────────
    ..\..\test-results\dashboard-Dashboard-regres-c9fea--when-staff-card-is-clicked-chromium\test-failed-1.png
    ────────────────────────────────────────────────────────────────────────────────────────────────

    attachment #2: video (video/webm) ──────────────────────────────────────────────────────────────
    ..\..\test-results\dashboard-Dashboard-regres-c9fea--when-staff-card-is-clicked-chromium\video.webm
    ────────────────────────────────────────────────────────────────────────────────────────────────
]]>
</failure>
<system-out>
<![CDATA[
[[ATTACHMENT|dashboard-Dashboard-regres-c9fea--when-staff-card-is-clicked-chromium\test-failed-1.png]]

[[ATTACHMENT|dashboard-Dashboard-regres-c9fea--when-staff-card-is-clicked-chromium\video.webm]]
]]>
</system-out>
</testcase>
<testcase name="Dashboard › @regression Dashboard Navigation › should navigate when quick action buttons are clicked" classname="dashboard.spec.ts" time="12.511">
<failure message="dashboard.spec.ts:118:5 should navigate when quick action buttons are clicked" type="FAILURE">
<![CDATA[  [chromium] › dashboard.spec.ts:118:5 › Dashboard › @regression Dashboard Navigation › should navigate when quick action buttons are clicked 

    Test timeout of 10000ms exceeded while running "beforeEach" hook.

       7 |
       8 | test.describe('Dashboard', () => {
    >  9 |   test.beforeEach(async ({ page }) => {
         |        ^
      10 |     // Navigate to dashboard
      11 |     await page.goto('/');
      12 |     
        at C:\Jarvis\AI Workspace\FibreFlow_React\dev-tools\testing\tests\e2e\dashboard.spec.ts:9:8

    Error: page.goto: Test timeout of 10000ms exceeded.
    Call log:
      - navigating to "http://localhost:5173/", waiting until "load"


       9 |   test.beforeEach(async ({ page }) => {
      10 |     // Navigate to dashboard
    > 11 |     await page.goto('/');
         |                ^
      12 |     
      13 |     // Wait for the page to load
      14 |     await page.waitForLoadState('networkidle');
        at C:\Jarvis\AI Workspace\FibreFlow_React\dev-tools\testing\tests\e2e\dashboard.spec.ts:11:16

    attachment #1: screenshot (image/png) ──────────────────────────────────────────────────────────
    ..\..\test-results\dashboard-Dashboard-regres-c790e--action-buttons-are-clicked-chromium\test-failed-1.png
    ────────────────────────────────────────────────────────────────────────────────────────────────

    attachment #2: video (video/webm) ──────────────────────────────────────────────────────────────
    ..\..\test-results\dashboard-Dashboard-regres-c790e--action-buttons-are-clicked-chromium\video.webm
    ────────────────────────────────────────────────────────────────────────────────────────────────
]]>
</failure>
<system-out>
<![CDATA[
[[ATTACHMENT|dashboard-Dashboard-regres-c790e--action-buttons-are-clicked-chromium\test-failed-1.png]]

[[ATTACHMENT|dashboard-Dashboard-regres-c790e--action-buttons-are-clicked-chromium\video.webm]]
]]>
</system-out>
</testcase>
<testcase name="Dashboard › @a11y Dashboard Accessibility › should have proper heading hierarchy" classname="dashboard.spec.ts" time="16.23">
<failure message="dashboard.spec.ts:133:5 should have proper heading hierarchy" type="FAILURE">
<![CDATA[  [chromium] › dashboard.spec.ts:133:5 › Dashboard › @a11y Dashboard Accessibility › should have proper heading hierarchy 

    Test timeout of 10000ms exceeded while running "beforeEach" hook.

       7 |
       8 | test.describe('Dashboard', () => {
    >  9 |   test.beforeEach(async ({ page }) => {
         |        ^
      10 |     // Navigate to dashboard
      11 |     await page.goto('/');
      12 |     
        at C:\Jarvis\AI Workspace\FibreFlow_React\dev-tools\testing\tests\e2e\dashboard.spec.ts:9:8

    Error: page.goto: Test timeout of 10000ms exceeded.
    Call log:
      - navigating to "http://localhost:5173/", waiting until "load"


       9 |   test.beforeEach(async ({ page }) => {
      10 |     // Navigate to dashboard
    > 11 |     await page.goto('/');
         |                ^
      12 |     
      13 |     // Wait for the page to load
      14 |     await page.waitForLoadState('networkidle');
        at C:\Jarvis\AI Workspace\FibreFlow_React\dev-tools\testing\tests\e2e\dashboard.spec.ts:11:16

    attachment #1: screenshot (image/png) ──────────────────────────────────────────────────────────
    ..\..\test-results\dashboard-Dashboard-a11y-D-6ca9c-ve-proper-heading-hierarchy-chromium\test-failed-1.png
    ────────────────────────────────────────────────────────────────────────────────────────────────

    attachment #2: video (video/webm) ──────────────────────────────────────────────────────────────
    ..\..\test-results\dashboard-Dashboard-a11y-D-6ca9c-ve-proper-heading-hierarchy-chromium\video.webm
    ────────────────────────────────────────────────────────────────────────────────────────────────
]]>
</failure>
<system-out>
<![CDATA[
[[ATTACHMENT|dashboard-Dashboard-a11y-D-6ca9c-ve-proper-heading-hierarchy-chromium\test-failed-1.png]]

[[ATTACHMENT|dashboard-Dashboard-a11y-D-6ca9c-ve-proper-heading-hierarchy-chromium\video.webm]]
]]>
</system-out>
</testcase>
<testcase name="Dashboard › @a11y Dashboard Accessibility › should have keyboard navigation support" classname="dashboard.spec.ts" time="11.578">
<failure message="dashboard.spec.ts:144:5 should have keyboard navigation support" type="FAILURE">
<![CDATA[  [chromium] › dashboard.spec.ts:144:5 › Dashboard › @a11y Dashboard Accessibility › should have keyboard navigation support 

    Test timeout of 10000ms exceeded.

    Error: locator.focus: Test timeout of 10000ms exceeded.
    Call log:
      - waiting for locator('[class*="ff-stat-card"]').first()


      145 |       // Focus on first stat card
      146 |       const firstCard = page.locator('[class*="ff-stat-card"]').first();
    > 147 |       await firstCard.focus();
          |                       ^
      148 |       
      149 |       // Check that the card is focused
      150 |       await expect(firstCard).toBeFocused();
        at C:\Jarvis\AI Workspace\FibreFlow_React\dev-tools\testing\tests\e2e\dashboard.spec.ts:147:23

    attachment #1: screenshot (image/png) ──────────────────────────────────────────────────────────
    ..\..\test-results\dashboard-Dashboard-a11y-D-0d4a5-keyboard-navigation-support-chromium\test-failed-1.png
    ────────────────────────────────────────────────────────────────────────────────────────────────

    attachment #2: video (video/webm) ──────────────────────────────────────────────────────────────
    ..\..\test-results\dashboard-Dashboard-a11y-D-0d4a5-keyboard-navigation-support-chromium\video.webm
    ────────────────────────────────────────────────────────────────────────────────────────────────

    Error Context: ..\..\test-results\dashboard-Dashboard-a11y-D-0d4a5-keyboard-navigation-support-chromium\error-context.md
]]>
</failure>
<system-out>
<![CDATA[
[[ATTACHMENT|dashboard-Dashboard-a11y-D-0d4a5-keyboard-navigation-support-chromium\test-failed-1.png]]

[[ATTACHMENT|dashboard-Dashboard-a11y-D-0d4a5-keyboard-navigation-support-chromium\video.webm]]

[[ATTACHMENT|dashboard-Dashboard-a11y-D-0d4a5-keyboard-navigation-support-chromium\error-context.md]]
]]>
</system-out>
</testcase>
<testcase name="Dashboard › @a11y Dashboard Accessibility › should have proper ARIA labels and roles" classname="dashboard.spec.ts" time="10.968">
<failure message="dashboard.spec.ts:160:5 should have proper ARIA labels and roles" type="FAILURE">
<![CDATA[  [chromium] › dashboard.spec.ts:160:5 › Dashboard › @a11y Dashboard Accessibility › should have proper ARIA labels and roles 

    Test timeout of 10000ms exceeded.

    Error: locator.evaluate: Test timeout of 10000ms exceeded.
    Call log:
      - waiting for locator('button').nth(13)


      169 |       for (let i = 0; i < await buttons.count(); i++) {
      170 |         const button = buttons.nth(i);
    > 171 |         const tagName = await button.evaluate(el => el.tagName);
          |                                      ^
      172 |         expect(tagName).toBe('BUTTON');
      173 |       }
      174 |     });
        at C:\Jarvis\AI Workspace\FibreFlow_React\dev-tools\testing\tests\e2e\dashboard.spec.ts:171:38

    attachment #1: screenshot (image/png) ──────────────────────────────────────────────────────────
    ..\..\test-results\dashboard-Dashboard-a11y-D-5a163-roper-ARIA-labels-and-roles-chromium\test-failed-1.png
    ────────────────────────────────────────────────────────────────────────────────────────────────

    attachment #2: video (video/webm) ──────────────────────────────────────────────────────────────
    ..\..\test-results\dashboard-Dashboard-a11y-D-5a163-roper-ARIA-labels-and-roles-chromium\video.webm
    ────────────────────────────────────────────────────────────────────────────────────────────────

    Error Context: ..\..\test-results\dashboard-Dashboard-a11y-D-5a163-roper-ARIA-labels-and-roles-chromium\error-context.md
]]>
</failure>
<system-out>
<![CDATA[
[[ATTACHMENT|dashboard-Dashboard-a11y-D-5a163-roper-ARIA-labels-and-roles-chromium\test-failed-1.png]]

[[ATTACHMENT|dashboard-Dashboard-a11y-D-5a163-roper-ARIA-labels-and-roles-chromium\video.webm]]

[[ATTACHMENT|dashboard-Dashboard-a11y-D-5a163-roper-ARIA-labels-and-roles-chromium\error-context.md]]
]]>
</system-out>
</testcase>
<testcase name="Dashboard › @mobile Dashboard Responsive Design › should display properly on mobile viewport" classname="dashboard.spec.ts" time="7.53">
<failure message="dashboard.spec.ts:178:5 should display properly on mobile viewport" type="FAILURE">
<![CDATA[  [chromium] › dashboard.spec.ts:178:5 › Dashboard › @mobile Dashboard Responsive Design › should display properly on mobile viewport 

    Error: expect.toContainText: Error: strict mode violation: locator('h1') resolved to 2 elements:
        1) <h1 class="text-xl lg:text-2xl font-semibold text-text-primary truncate">Dashboard</h1> aka getByRole('heading', { name: 'Dashboard' })
        2) <h1 class="text-2xl font-bold mb-2">Good afternoon, Development</h1> aka getByRole('heading', { name: 'Good afternoon, Development' })

    Call log:
      - Expect "toContainText" with timeout 5000ms
      - waiting for locator('h1')


      181 |       
      182 |       // Check that dashboard is still visible
    > 183 |       await expect(page.locator('h1')).toContainText('Dashboard');
          |                                        ^
      184 |       
      185 |       // Check that stat cards stack vertically on mobile
      186 |       const statCards = page.locator('[class*="ff-stat-card"]');
        at C:\Jarvis\AI Workspace\FibreFlow_React\dev-tools\testing\tests\e2e\dashboard.spec.ts:183:40

    attachment #1: screenshot (image/png) ──────────────────────────────────────────────────────────
    ..\..\test-results\dashboard-Dashboard-mobile-e1a01-properly-on-mobile-viewport-chromium\test-failed-1.png
    ────────────────────────────────────────────────────────────────────────────────────────────────

    attachment #2: video (video/webm) ──────────────────────────────────────────────────────────────
    ..\..\test-results\dashboard-Dashboard-mobile-e1a01-properly-on-mobile-viewport-chromium\video.webm
    ────────────────────────────────────────────────────────────────────────────────────────────────

    Error Context: ..\..\test-results\dashboard-Dashboard-mobile-e1a01-properly-on-mobile-viewport-chromium\error-context.md
]]>
</failure>
<system-out>
<![CDATA[
[[ATTACHMENT|dashboard-Dashboard-mobile-e1a01-properly-on-mobile-viewport-chromium\test-failed-1.png]]

[[ATTACHMENT|dashboard-Dashboard-mobile-e1a01-properly-on-mobile-viewport-chromium\video.webm]]

[[ATTACHMENT|dashboard-Dashboard-mobile-e1a01-properly-on-mobile-viewport-chromium\error-context.md]]
]]>
</system-out>
</testcase>
<testcase name="Dashboard › @mobile Dashboard Responsive Design › should have readable text on small screens" classname="dashboard.spec.ts" time="7.151">
<failure message="dashboard.spec.ts:197:5 should have readable text on small screens" type="FAILURE">
<![CDATA[  [chromium] › dashboard.spec.ts:197:5 › Dashboard › @mobile Dashboard Responsive Design › should have readable text on small screens 

    Error: locator.evaluate: Error: strict mode violation: locator('h1') resolved to 2 elements:
        1) <h1 class="text-xl lg:text-2xl font-semibold text-text-primary truncate">Dashboard</h1> aka getByRole('heading', { name: 'Dashboard' })
        2) <h1 class="text-2xl font-bold mb-2">Good afternoon, Development</h1> aka getByRole('heading', { name: 'Good afternoon, Development' })

    Call log:
      - waiting for locator('h1')


      200 |       // Check that text is still readable
      201 |       const title = page.locator('h1');
    > 202 |       const fontSize = await title.evaluate(el => getComputedStyle(el).fontSize);
          |                                    ^
      203 |       
      204 |       // Font size should be reasonable (at least 18px for h1)
      205 |       const fontSizeValue = parseInt(fontSize);
        at C:\Jarvis\AI Workspace\FibreFlow_React\dev-tools\testing\tests\e2e\dashboard.spec.ts:202:36

    attachment #1: screenshot (image/png) ──────────────────────────────────────────────────────────
    ..\..\test-results\dashboard-Dashboard-mobile-be8ce-dable-text-on-small-screens-chromium\test-failed-1.png
    ────────────────────────────────────────────────────────────────────────────────────────────────

    attachment #2: video (video/webm) ──────────────────────────────────────────────────────────────
    ..\..\test-results\dashboard-Dashboard-mobile-be8ce-dable-text-on-small-screens-chromium\video.webm
    ────────────────────────────────────────────────────────────────────────────────────────────────

    Error Context: ..\..\test-results\dashboard-Dashboard-mobile-be8ce-dable-text-on-small-screens-chromium\error-context.md
]]>
</failure>
<system-out>
<![CDATA[
[[ATTACHMENT|dashboard-Dashboard-mobile-be8ce-dable-text-on-small-screens-chromium\test-failed-1.png]]

[[ATTACHMENT|dashboard-Dashboard-mobile-be8ce-dable-text-on-small-screens-chromium\video.webm]]

[[ATTACHMENT|dashboard-Dashboard-mobile-be8ce-dable-text-on-small-screens-chromium\error-context.md]]
]]>
</system-out>
</testcase>
<testcase name="Dashboard › @perf Dashboard Performance › should load within acceptable time" classname="dashboard.spec.ts" time="18.372">
<failure message="dashboard.spec.ts:211:5 should load within acceptable time" type="FAILURE">
<![CDATA[  [chromium] › dashboard.spec.ts:211:5 › Dashboard › @perf Dashboard Performance › should load within acceptable time 

    Test timeout of 10000ms exceeded while running "beforeEach" hook.

       7 |
       8 | test.describe('Dashboard', () => {
    >  9 |   test.beforeEach(async ({ page }) => {
         |        ^
      10 |     // Navigate to dashboard
      11 |     await page.goto('/');
      12 |     
        at C:\Jarvis\AI Workspace\FibreFlow_React\dev-tools\testing\tests\e2e\dashboard.spec.ts:9:8

    Error: page.goto: net::ERR_ABORTED at http://localhost:5173/
    Call log:
      - navigating to "http://localhost:5173/", waiting until "load"


       9 |   test.beforeEach(async ({ page }) => {
      10 |     // Navigate to dashboard
    > 11 |     await page.goto('/');
         |                ^
      12 |     
      13 |     // Wait for the page to load
      14 |     await page.waitForLoadState('networkidle');
        at C:\Jarvis\AI Workspace\FibreFlow_React\dev-tools\testing\tests\e2e\dashboard.spec.ts:11:16

    attachment #1: video (video/webm) ──────────────────────────────────────────────────────────────
    ..\..\test-results\dashboard-Dashboard-perf-D-82b0c-load-within-acceptable-time-chromium\video.webm
    ────────────────────────────────────────────────────────────────────────────────────────────────
]]>
</failure>
<system-out>
<![CDATA[
[[ATTACHMENT|dashboard-Dashboard-perf-D-82b0c-load-within-acceptable-time-chromium\video.webm]]
]]>
</system-out>
</testcase>
<testcase name="Dashboard › @perf Dashboard Performance › should have smooth animations" classname="dashboard.spec.ts" time="11.404">
<failure message="dashboard.spec.ts:223:5 should have smooth animations" type="FAILURE">
<![CDATA[  [chromium] › dashboard.spec.ts:223:5 › Dashboard › @perf Dashboard Performance › should have smooth animations 

    Test timeout of 10000ms exceeded.

    Error: locator.hover: Test timeout of 10000ms exceeded.
    Call log:
      - waiting for locator('[class*="ff-stat-card"]').first()


      225 |       
      226 |       // Hover to trigger animation
    > 227 |       await statCard.hover();
          |                      ^
      228 |       
      229 |       // Wait for animation to complete
      230 |       await page.waitForTimeout(500);
        at C:\Jarvis\AI Workspace\FibreFlow_React\dev-tools\testing\tests\e2e\dashboard.spec.ts:227:22

    attachment #1: screenshot (image/png) ──────────────────────────────────────────────────────────
    ..\..\test-results\dashboard-Dashboard-perf-D-77368-ould-have-smooth-animations-chromium\test-failed-1.png
    ────────────────────────────────────────────────────────────────────────────────────────────────

    attachment #2: video (video/webm) ──────────────────────────────────────────────────────────────
    ..\..\test-results\dashboard-Dashboard-perf-D-77368-ould-have-smooth-animations-chromium\video.webm
    ────────────────────────────────────────────────────────────────────────────────────────────────

    Error Context: ..\..\test-results\dashboard-Dashboard-perf-D-77368-ould-have-smooth-animations-chromium\error-context.md
]]>
</failure>
<system-out>
<![CDATA[
[[ATTACHMENT|dashboard-Dashboard-perf-D-77368-ould-have-smooth-animations-chromium\test-failed-1.png]]

[[ATTACHMENT|dashboard-Dashboard-perf-D-77368-ould-have-smooth-animations-chromium\video.webm]]

[[ATTACHMENT|dashboard-Dashboard-perf-D-77368-ould-have-smooth-animations-chromium\error-context.md]]
]]>
</system-out>
</testcase>
<testcase name="Dashboard › @error Dashboard Error States › should handle missing data gracefully" classname="dashboard.spec.ts" time="17.647">
<failure message="dashboard.spec.ts:238:5 should handle missing data gracefully" type="FAILURE">
<![CDATA[  [chromium] › dashboard.spec.ts:238:5 › Dashboard › @error Dashboard Error States › should handle missing data gracefully 

    Test timeout of 10000ms exceeded while running "beforeEach" hook.

       7 |
       8 | test.describe('Dashboard', () => {
    >  9 |   test.beforeEach(async ({ page }) => {
         |        ^
      10 |     // Navigate to dashboard
      11 |     await page.goto('/');
      12 |     
        at C:\Jarvis\AI Workspace\FibreFlow_React\dev-tools\testing\tests\e2e\dashboard.spec.ts:9:8

    Error: page.waitForLoadState: Test timeout of 10000ms exceeded.

      12 |     
      13 |     // Wait for the page to load
    > 14 |     await page.waitForLoadState('networkidle');
         |                ^
      15 |   });
      16 |
      17 |   test.describe('@smoke Dashboard Basic Functionality', () => {
        at C:\Jarvis\AI Workspace\FibreFlow_React\dev-tools\testing\tests\e2e\dashboard.spec.ts:14:16

    attachment #1: video (video/webm) ──────────────────────────────────────────────────────────────
    ..\..\test-results\dashboard-Dashboard-error--d6022-dle-missing-data-gracefully-chromium\video.webm
    ────────────────────────────────────────────────────────────────────────────────────────────────

    Error Context: ..\..\test-results\dashboard-Dashboard-error--d6022-dle-missing-data-gracefully-chromium\error-context.md
]]>
</failure>
<system-out>
<![CDATA[
[[ATTACHMENT|dashboard-Dashboard-error--d6022-dle-missing-data-gracefully-chromium\video.webm]]

[[ATTACHMENT|dashboard-Dashboard-error--d6022-dle-missing-data-gracefully-chromium\error-context.md]]
]]>
</system-out>
</testcase>
</testsuite>
<testsuite name="navigation.spec.ts" timestamp="2025-08-22T10:44:03.231Z" hostname="chromium" tests="3" failures="3" skipped="0" time="34.941" errors="0">
<testcase name="Complete Navigation Tests › @smoke Core Navigation › should navigate to all main dashboard routes" classname="navigation.spec.ts" time="12.342">
<failure message="navigation.spec.ts:16:5 should navigate to all main dashboard routes" type="FAILURE">
<![CDATA[  [chromium] › navigation.spec.ts:16:5 › Complete Navigation Tests › @smoke Core Navigation › should navigate to all main dashboard routes 

    Test timeout of 10000ms exceeded.

    Error: page.waitForLoadState: Test timeout of 10000ms exceeded.

      26 |       for (const route of routes) {
      27 |         await page.goto(route.path);
    > 28 |         await page.waitForLoadState('networkidle');
         |                    ^
      29 |         
      30 |         // Check that page loads without error
      31 |         await expect(page.locator('h1')).toBeVisible();
        at C:\Jarvis\AI Workspace\FibreFlow_React\dev-tools\testing\tests\e2e\navigation.spec.ts:28:20

    attachment #1: screenshot (image/png) ──────────────────────────────────────────────────────────
    ..\..\test-results\navigation-Complete-Naviga-f9e1e-o-all-main-dashboard-routes-chromium\test-failed-1.png
    ────────────────────────────────────────────────────────────────────────────────────────────────

    attachment #2: video (video/webm) ──────────────────────────────────────────────────────────────
    ..\..\test-results\navigation-Complete-Naviga-f9e1e-o-all-main-dashboard-routes-chromium\video.webm
    ────────────────────────────────────────────────────────────────────────────────────────────────

    Error Context: ..\..\test-results\navigation-Complete-Naviga-f9e1e-o-all-main-dashboard-routes-chromium\error-context.md
]]>
</failure>
<system-out>
<![CDATA[
[[ATTACHMENT|navigation-Complete-Naviga-f9e1e-o-all-main-dashboard-routes-chromium\test-failed-1.png]]

[[ATTACHMENT|navigation-Complete-Naviga-f9e1e-o-all-main-dashboard-routes-chromium\video.webm]]

[[ATTACHMENT|navigation-Complete-Naviga-f9e1e-o-all-main-dashboard-routes-chromium\error-context.md]]
]]>
</system-out>
</testcase>
<testcase name="Complete Navigation Tests › @regression Navigation Error Handling › should redirect root path to dashboard" classname="navigation.spec.ts" time="11.772">
<failure message="navigation.spec.ts:173:5 should redirect root path to dashboard" type="FAILURE">
<![CDATA[  [chromium] › navigation.spec.ts:173:5 › Complete Navigation Tests › @regression Navigation Error Handling › should redirect root path to dashboard 

    Test timeout of 10000ms exceeded.

    Error: page.waitForLoadState: Test timeout of 10000ms exceeded.

      173 |     test('should redirect root path to dashboard', async ({ page }) => {
      174 |       await page.goto('/');
    > 175 |       await page.waitForLoadState('networkidle');
          |                  ^
      176 |       
      177 |       // Should redirect to dashboard
      178 |       expect(page.url()).toContain('/app/dashboard');
        at C:\Jarvis\AI Workspace\FibreFlow_React\dev-tools\testing\tests\e2e\navigation.spec.ts:175:18

    attachment #1: screenshot (image/png) ──────────────────────────────────────────────────────────
    ..\..\test-results\navigation-Complete-Naviga-030d4-rect-root-path-to-dashboard-chromium\test-failed-1.png
    ────────────────────────────────────────────────────────────────────────────────────────────────

    attachment #2: video (video/webm) ──────────────────────────────────────────────────────────────
    ..\..\test-results\navigation-Complete-Naviga-030d4-rect-root-path-to-dashboard-chromium\video.webm
    ────────────────────────────────────────────────────────────────────────────────────────────────

    Error Context: ..\..\test-results\navigation-Complete-Naviga-030d4-rect-root-path-to-dashboard-chromium\error-context.md
]]>
</failure>
<system-out>
<![CDATA[
[[ATTACHMENT|navigation-Complete-Naviga-030d4-rect-root-path-to-dashboard-chromium\test-failed-1.png]]

[[ATTACHMENT|navigation-Complete-Naviga-030d4-rect-root-path-to-dashboard-chromium\video.webm]]

[[ATTACHMENT|navigation-Complete-Naviga-030d4-rect-root-path-to-dashboard-chromium\error-context.md]]
]]>
</system-out>
</testcase>
<testcase name="Complete Navigation Tests › @regression Navigation Error Handling › should redirect /app to dashboard" classname="navigation.spec.ts" time="10.827">
<failure message="navigation.spec.ts:181:5 should redirect /app to dashboard" type="FAILURE">
<![CDATA[  [chromium] › navigation.spec.ts:181:5 › Complete Navigation Tests › @regression Navigation Error Handling › should redirect /app to dashboard 

    Test timeout of 10000ms exceeded.

    attachment #1: screenshot (image/png) ──────────────────────────────────────────────────────────
    ..\..\test-results\navigation-Complete-Naviga-b5b39-d-redirect-app-to-dashboard-chromium\test-failed-1.png
    ────────────────────────────────────────────────────────────────────────────────────────────────

    attachment #2: video (video/webm) ──────────────────────────────────────────────────────────────
    ..\..\test-results\navigation-Complete-Naviga-b5b39-d-redirect-app-to-dashboard-chromium\video.webm
    ────────────────────────────────────────────────────────────────────────────────────────────────

    Error Context: ..\..\test-results\navigation-Complete-Naviga-b5b39-d-redirect-app-to-dashboard-chromium\error-context.md
]]>
</failure>
<system-out>
<![CDATA[
[[ATTACHMENT|navigation-Complete-Naviga-b5b39-d-redirect-app-to-dashboard-chromium\test-failed-1.png]]

[[ATTACHMENT|navigation-Complete-Naviga-b5b39-d-redirect-app-to-dashboard-chromium\video.webm]]

[[ATTACHMENT|navigation-Complete-Naviga-b5b39-d-redirect-app-to-dashboard-chromium\error-context.md]]
]]>
</system-out>
</testcase>
</testsuite>
<testsuite name="pole-tracker.spec.ts" timestamp="2025-08-22T10:44:03.231Z" hostname="chromium" tests="4" failures="1" skipped="0" time="14.5" errors="0">
<testcase name="Pole Tracker Module Tests › @smoke Pole Tracker Dashboard › should display pole tracker dashboard with stats" classname="pole-tracker.spec.ts" time="3.138">
<failure message="pole-tracker.spec.ts:16:5 should display pole tracker dashboard with stats" type="FAILURE">
<![CDATA[  [chromium] › pole-tracker.spec.ts:16:5 › Pole Tracker Module Tests › @smoke Pole Tracker Dashboard › should display pole tracker dashboard with stats 

    Error: expect.toContainText: Error: strict mode violation: locator('h1') resolved to 2 elements:
        1) <h1 class="text-xl lg:text-2xl font-semibold text-text-primary truncate">Pole Tracker</h1> aka getByRole('banner').getByRole('heading', { name: 'Pole Tracker' })
        2) <h1 class="ff-header-title">Pole Tracker</h1> aka getByRole('main').getByRole('heading', { name: 'Pole Tracker' })

    Call log:
      - Expect "toContainText" with timeout 5000ms
      - waiting for locator('h1')


      16 |     test('should display pole tracker dashboard with stats', async ({ page }) => {
      17 |       // Check main heading
    > 18 |       await expect(page.locator('h1')).toContainText('Pole Tracker');
         |                                        ^
      19 |       
      20 |       // Check for stat cards
      21 |       const statCards = page.locator('.ff-stat-card, [class*="stat"]');
        at C:\Jarvis\AI Workspace\FibreFlow_React\dev-tools\testing\tests\e2e\pole-tracker.spec.ts:18:40

    attachment #1: screenshot (image/png) ──────────────────────────────────────────────────────────
    ..\..\test-results\pole-tracker-Pole-Tracker--5e2b2-racker-dashboard-with-stats-chromium\test-failed-1.png
    ────────────────────────────────────────────────────────────────────────────────────────────────

    attachment #2: video (video/webm) ──────────────────────────────────────────────────────────────
    ..\..\test-results\pole-tracker-Pole-Tracker--5e2b2-racker-dashboard-with-stats-chromium\video.webm
    ────────────────────────────────────────────────────────────────────────────────────────────────

    Error Context: ..\..\test-results\pole-tracker-Pole-Tracker--5e2b2-racker-dashboard-with-stats-chromium\error-context.md
]]>
</failure>
<system-out>
<![CDATA[
[[ATTACHMENT|pole-tracker-Pole-Tracker--5e2b2-racker-dashboard-with-stats-chromium\test-failed-1.png]]

[[ATTACHMENT|pole-tracker-Pole-Tracker--5e2b2-racker-dashboard-with-stats-chromium\video.webm]]

[[ATTACHMENT|pole-tracker-Pole-Tracker--5e2b2-racker-dashboard-with-stats-chromium\error-context.md]]
]]>
</system-out>
</testcase>
<testcase name="Pole Tracker Module Tests › @smoke Pole Tracker Dashboard › should have tabs for different views" classname="pole-tracker.spec.ts" time="4.109">
<system-out>
<![CDATA[✅ Found 4 tabs
]]>
</system-out>
</testcase>
<testcase name="Pole Tracker Module Tests › @smoke Pole Tracker Dashboard › should display data integrity rules" classname="pole-tracker.spec.ts" time="3.275">
<system-out>
<![CDATA[✅ Data integrity rules displayed
]]>
</system-out>
</testcase>
<testcase name="Pole Tracker Module Tests › @smoke Pole Tracker Dashboard › should have navigation buttons" classname="pole-tracker.spec.ts" time="3.978">
</testcase>
</testsuite>
<testsuite name="real-manual-test.spec.ts" timestamp="2025-08-22T10:44:03.231Z" hostname="chromium" tests="1" failures="0" skipped="0" time="3.898" errors="0">
<testcase name="Real Manual Browser Testing with Login › Document the actual dashboard and navigation after successful login" classname="real-manual-test.spec.ts" time="3.898">
<system-out>
<![CDATA[📊 Testing dashboard and navigation...
🏁 Real navigation testing complete
]]>
</system-out>
</testcase>
</testsuite>
<testsuite name="dashboard.spec.ts" timestamp="2025-08-22T10:44:03.231Z" hostname="firefox" tests="18" failures="18" skipped="0" time="181.471" errors="0">
<testcase name="Dashboard › @smoke Dashboard Basic Functionality › should display dashboard title and welcome message" classname="dashboard.spec.ts" time="10.111">
<failure message="dashboard.spec.ts:18:5 should display dashboard title and welcome message" type="FAILURE">
<![CDATA[  [firefox] › dashboard.spec.ts:18:5 › Dashboard › @smoke Dashboard Basic Functionality › should display dashboard title and welcome message 

    Test timeout of 10000ms exceeded while running "beforeEach" hook.

       7 |
       8 | test.describe('Dashboard', () => {
    >  9 |   test.beforeEach(async ({ page }) => {
         |        ^
      10 |     // Navigate to dashboard
      11 |     await page.goto('/');
      12 |     
        at C:\Jarvis\AI Workspace\FibreFlow_React\dev-tools\testing\tests\e2e\dashboard.spec.ts:9:8

    Error: browserContext.newPage: Test timeout of 10000ms exceeded.
]]>
</failure>
</testcase>
<testcase name="Dashboard › @smoke Dashboard Basic Functionality › should display all stat cards" classname="dashboard.spec.ts" time="10.085">
<failure message="dashboard.spec.ts:26:5 should display all stat cards" type="FAILURE">
<![CDATA[  [firefox] › dashboard.spec.ts:26:5 › Dashboard › @smoke Dashboard Basic Functionality › should display all stat cards 

    Test timeout of 10000ms exceeded while running "beforeEach" hook.

       7 |
       8 | test.describe('Dashboard', () => {
    >  9 |   test.beforeEach(async ({ page }) => {
         |        ^
      10 |     // Navigate to dashboard
      11 |     await page.goto('/');
      12 |     
        at C:\Jarvis\AI Workspace\FibreFlow_React\dev-tools\testing\tests\e2e\dashboard.spec.ts:9:8

    Error: browserContext.newPage: Test timeout of 10000ms exceeded.
]]>
</failure>
</testcase>
<testcase name="Dashboard › @smoke Dashboard Basic Functionality › should display recent activity section" classname="dashboard.spec.ts" time="10.094">
<failure message="dashboard.spec.ts:42:5 should display recent activity section" type="FAILURE">
<![CDATA[  [firefox] › dashboard.spec.ts:42:5 › Dashboard › @smoke Dashboard Basic Functionality › should display recent activity section 

    Test timeout of 10000ms exceeded while running "beforeEach" hook.

       7 |
       8 | test.describe('Dashboard', () => {
    >  9 |   test.beforeEach(async ({ page }) => {
         |        ^
      10 |     // Navigate to dashboard
      11 |     await page.goto('/');
      12 |     
        at C:\Jarvis\AI Workspace\FibreFlow_React\dev-tools\testing\tests\e2e\dashboard.spec.ts:9:8

    Error: browserContext.newPage: Test timeout of 10000ms exceeded.
]]>
</failure>
</testcase>
<testcase name="Dashboard › @smoke Dashboard Basic Functionality › should display quick actions section" classname="dashboard.spec.ts" time="10.104">
<failure message="dashboard.spec.ts:51:5 should display quick actions section" type="FAILURE">
<![CDATA[  [firefox] › dashboard.spec.ts:51:5 › Dashboard › @smoke Dashboard Basic Functionality › should display quick actions section 

    Test timeout of 10000ms exceeded while running "beforeEach" hook.

       7 |
       8 | test.describe('Dashboard', () => {
    >  9 |   test.beforeEach(async ({ page }) => {
         |        ^
      10 |     // Navigate to dashboard
      11 |     await page.goto('/');
      12 |     
        at C:\Jarvis\AI Workspace\FibreFlow_React\dev-tools\testing\tests\e2e\dashboard.spec.ts:9:8

    Error: browserContext.newPage: Test timeout of 10000ms exceeded.
]]>
</failure>
</testcase>
<testcase name="Dashboard › @visual Dashboard Visual Elements › should have properly styled stat cards with colored top bars" classname="dashboard.spec.ts" time="10.062">
<failure message="dashboard.spec.ts:62:5 should have properly styled stat cards with colored top bars" type="FAILURE">
<![CDATA[  [firefox] › dashboard.spec.ts:62:5 › Dashboard › @visual Dashboard Visual Elements › should have properly styled stat cards with colored top bars 

    Test timeout of 10000ms exceeded while running "beforeEach" hook.

       7 |
       8 | test.describe('Dashboard', () => {
    >  9 |   test.beforeEach(async ({ page }) => {
         |        ^
      10 |     // Navigate to dashboard
      11 |     await page.goto('/');
      12 |     
        at C:\Jarvis\AI Workspace\FibreFlow_React\dev-tools\testing\tests\e2e\dashboard.spec.ts:9:8

    Error: browserContext.newPage: Test timeout of 10000ms exceeded.
]]>
</failure>
</testcase>
<testcase name="Dashboard › @visual Dashboard Visual Elements › should have hover effects on stat cards" classname="dashboard.spec.ts" time="10.059">
<failure message="dashboard.spec.ts:75:5 should have hover effects on stat cards" type="FAILURE">
<![CDATA[  [firefox] › dashboard.spec.ts:75:5 › Dashboard › @visual Dashboard Visual Elements › should have hover effects on stat cards 

    Test timeout of 10000ms exceeded while running "beforeEach" hook.

       7 |
       8 | test.describe('Dashboard', () => {
    >  9 |   test.beforeEach(async ({ page }) => {
         |        ^
      10 |     // Navigate to dashboard
      11 |     await page.goto('/');
      12 |     
        at C:\Jarvis\AI Workspace\FibreFlow_React\dev-tools\testing\tests\e2e\dashboard.spec.ts:9:8

    Error: browserContext.newPage: Test timeout of 10000ms exceeded.
]]>
</failure>
</testcase>
<testcase name="Dashboard › @visual Dashboard Visual Elements › should display icons in stat cards" classname="dashboard.spec.ts" time="10.068">
<failure message="dashboard.spec.ts:89:5 should display icons in stat cards" type="FAILURE">
<![CDATA[  [firefox] › dashboard.spec.ts:89:5 › Dashboard › @visual Dashboard Visual Elements › should display icons in stat cards 

    Test timeout of 10000ms exceeded while running "beforeEach" hook.

       7 |
       8 | test.describe('Dashboard', () => {
    >  9 |   test.beforeEach(async ({ page }) => {
         |        ^
      10 |     // Navigate to dashboard
      11 |     await page.goto('/');
      12 |     
        at C:\Jarvis\AI Workspace\FibreFlow_React\dev-tools\testing\tests\e2e\dashboard.spec.ts:9:8

    Error: browserContext.newPage: Test timeout of 10000ms exceeded.
]]>
</failure>
</testcase>
<testcase name="Dashboard › @regression Dashboard Navigation › should navigate to projects page when projects card is clicked" classname="dashboard.spec.ts" time="10.057">
<failure message="dashboard.spec.ts:102:5 should navigate to projects page when projects card is clicked" type="FAILURE">
<![CDATA[  [firefox] › dashboard.spec.ts:102:5 › Dashboard › @regression Dashboard Navigation › should navigate to projects page when projects card is clicked 

    Test timeout of 10000ms exceeded while running "beforeEach" hook.

       7 |
       8 | test.describe('Dashboard', () => {
    >  9 |   test.beforeEach(async ({ page }) => {
         |        ^
      10 |     // Navigate to dashboard
      11 |     await page.goto('/');
      12 |     
        at C:\Jarvis\AI Workspace\FibreFlow_React\dev-tools\testing\tests\e2e\dashboard.spec.ts:9:8

    Error: browserContext.newPage: Test timeout of 10000ms exceeded.
]]>
</failure>
</testcase>
<testcase name="Dashboard › @regression Dashboard Navigation › should navigate to staff page when staff card is clicked" classname="dashboard.spec.ts" time="10.073">
<failure message="dashboard.spec.ts:110:5 should navigate to staff page when staff card is clicked" type="FAILURE">
<![CDATA[  [firefox] › dashboard.spec.ts:110:5 › Dashboard › @regression Dashboard Navigation › should navigate to staff page when staff card is clicked 

    Test timeout of 10000ms exceeded while running "beforeEach" hook.

       7 |
       8 | test.describe('Dashboard', () => {
    >  9 |   test.beforeEach(async ({ page }) => {
         |        ^
      10 |     // Navigate to dashboard
      11 |     await page.goto('/');
      12 |     
        at C:\Jarvis\AI Workspace\FibreFlow_React\dev-tools\testing\tests\e2e\dashboard.spec.ts:9:8

    Error: browserContext.newPage: Test timeout of 10000ms exceeded.
]]>
</failure>
</testcase>
<testcase name="Dashboard › @regression Dashboard Navigation › should navigate when quick action buttons are clicked" classname="dashboard.spec.ts" time="10.056">
<failure message="dashboard.spec.ts:118:5 should navigate when quick action buttons are clicked" type="FAILURE">
<![CDATA[  [firefox] › dashboard.spec.ts:118:5 › Dashboard › @regression Dashboard Navigation › should navigate when quick action buttons are clicked 

    Test timeout of 10000ms exceeded while running "beforeEach" hook.

       7 |
       8 | test.describe('Dashboard', () => {
    >  9 |   test.beforeEach(async ({ page }) => {
         |        ^
      10 |     // Navigate to dashboard
      11 |     await page.goto('/');
      12 |     
        at C:\Jarvis\AI Workspace\FibreFlow_React\dev-tools\testing\tests\e2e\dashboard.spec.ts:9:8

    Error: browserContext.newPage: Test timeout of 10000ms exceeded.
]]>
</failure>
</testcase>
<testcase name="Dashboard › @a11y Dashboard Accessibility › should have proper heading hierarchy" classname="dashboard.spec.ts" time="10.07">
<failure message="dashboard.spec.ts:133:5 should have proper heading hierarchy" type="FAILURE">
<![CDATA[  [firefox] › dashboard.spec.ts:133:5 › Dashboard › @a11y Dashboard Accessibility › should have proper heading hierarchy 

    Test timeout of 10000ms exceeded while running "beforeEach" hook.

       7 |
       8 | test.describe('Dashboard', () => {
    >  9 |   test.beforeEach(async ({ page }) => {
         |        ^
      10 |     // Navigate to dashboard
      11 |     await page.goto('/');
      12 |     
        at C:\Jarvis\AI Workspace\FibreFlow_React\dev-tools\testing\tests\e2e\dashboard.spec.ts:9:8

    Error: browserContext.newPage: Test timeout of 10000ms exceeded.
]]>
</failure>
</testcase>
<testcase name="Dashboard › @a11y Dashboard Accessibility › should have keyboard navigation support" classname="dashboard.spec.ts" time="10.059">
<failure message="dashboard.spec.ts:144:5 should have keyboard navigation support" type="FAILURE">
<![CDATA[  [firefox] › dashboard.spec.ts:144:5 › Dashboard › @a11y Dashboard Accessibility › should have keyboard navigation support 

    Test timeout of 10000ms exceeded while running "beforeEach" hook.

       7 |
       8 | test.describe('Dashboard', () => {
    >  9 |   test.beforeEach(async ({ page }) => {
         |        ^
      10 |     // Navigate to dashboard
      11 |     await page.goto('/');
      12 |     
        at C:\Jarvis\AI Workspace\FibreFlow_React\dev-tools\testing\tests\e2e\dashboard.spec.ts:9:8

    Error: browserContext.newPage: Test timeout of 10000ms exceeded.
]]>
</failure>
</testcase>
<testcase name="Dashboard › @a11y Dashboard Accessibility › should have proper ARIA labels and roles" classname="dashboard.spec.ts" time="10.12">
<failure message="dashboard.spec.ts:160:5 should have proper ARIA labels and roles" type="FAILURE">
<![CDATA[  [firefox] › dashboard.spec.ts:160:5 › Dashboard › @a11y Dashboard Accessibility › should have proper ARIA labels and roles 

    Test timeout of 10000ms exceeded while running "beforeEach" hook.

       7 |
       8 | test.describe('Dashboard', () => {
    >  9 |   test.beforeEach(async ({ page }) => {
         |        ^
      10 |     // Navigate to dashboard
      11 |     await page.goto('/');
      12 |     
        at C:\Jarvis\AI Workspace\FibreFlow_React\dev-tools\testing\tests\e2e\dashboard.spec.ts:9:8

    Error: browserContext.newPage: Test timeout of 10000ms exceeded.
]]>
</failure>
</testcase>
<testcase name="Dashboard › @mobile Dashboard Responsive Design › should display properly on mobile viewport" classname="dashboard.spec.ts" time="10.091">
<failure message="dashboard.spec.ts:178:5 should display properly on mobile viewport" type="FAILURE">
<![CDATA[  [firefox] › dashboard.spec.ts:178:5 › Dashboard › @mobile Dashboard Responsive Design › should display properly on mobile viewport 

    Test timeout of 10000ms exceeded while running "beforeEach" hook.

       7 |
       8 | test.describe('Dashboard', () => {
    >  9 |   test.beforeEach(async ({ page }) => {
         |        ^
      10 |     // Navigate to dashboard
      11 |     await page.goto('/');
      12 |     
        at C:\Jarvis\AI Workspace\FibreFlow_React\dev-tools\testing\tests\e2e\dashboard.spec.ts:9:8

    Error: browserContext.newPage: Test timeout of 10000ms exceeded.
]]>
</failure>
</testcase>
<testcase name="Dashboard › @mobile Dashboard Responsive Design › should have readable text on small screens" classname="dashboard.spec.ts" time="10.178">
<failure message="dashboard.spec.ts:197:5 should have readable text on small screens" type="FAILURE">
<![CDATA[  [firefox] › dashboard.spec.ts:197:5 › Dashboard › @mobile Dashboard Responsive Design › should have readable text on small screens 

    Test timeout of 10000ms exceeded while running "beforeEach" hook.

       7 |
       8 | test.describe('Dashboard', () => {
    >  9 |   test.beforeEach(async ({ page }) => {
         |        ^
      10 |     // Navigate to dashboard
      11 |     await page.goto('/');
      12 |     
        at C:\Jarvis\AI Workspace\FibreFlow_React\dev-tools\testing\tests\e2e\dashboard.spec.ts:9:8

    Error: browserContext.newPage: Test timeout of 10000ms exceeded.
]]>
</failure>
</testcase>
<testcase name="Dashboard › @perf Dashboard Performance › should load within acceptable time" classname="dashboard.spec.ts" time="10.062">
<failure message="dashboard.spec.ts:211:5 should load within acceptable time" type="FAILURE">
<![CDATA[  [firefox] › dashboard.spec.ts:211:5 › Dashboard › @perf Dashboard Performance › should load within acceptable time 

    Test timeout of 10000ms exceeded while running "beforeEach" hook.

       7 |
       8 | test.describe('Dashboard', () => {
    >  9 |   test.beforeEach(async ({ page }) => {
         |        ^
      10 |     // Navigate to dashboard
      11 |     await page.goto('/');
      12 |     
        at C:\Jarvis\AI Workspace\FibreFlow_React\dev-tools\testing\tests\e2e\dashboard.spec.ts:9:8

    Error: browserContext.newPage: Test timeout of 10000ms exceeded.
]]>
</failure>
</testcase>
<testcase name="Dashboard › @perf Dashboard Performance › should have smooth animations" classname="dashboard.spec.ts" time="10.06">
<failure message="dashboard.spec.ts:223:5 should have smooth animations" type="FAILURE">
<![CDATA[  [firefox] › dashboard.spec.ts:223:5 › Dashboard › @perf Dashboard Performance › should have smooth animations 

    Test timeout of 10000ms exceeded while running "beforeEach" hook.

       7 |
       8 | test.describe('Dashboard', () => {
    >  9 |   test.beforeEach(async ({ page }) => {
         |        ^
      10 |     // Navigate to dashboard
      11 |     await page.goto('/');
      12 |     
        at C:\Jarvis\AI Workspace\FibreFlow_React\dev-tools\testing\tests\e2e\dashboard.spec.ts:9:8

    Error: browserContext.newPage: Test timeout of 10000ms exceeded.
]]>
</failure>
</testcase>
<testcase name="Dashboard › @error Dashboard Error States › should handle missing data gracefully" classname="dashboard.spec.ts" time="10.062">
<failure message="dashboard.spec.ts:238:5 should handle missing data gracefully" type="FAILURE">
<![CDATA[  [firefox] › dashboard.spec.ts:238:5 › Dashboard › @error Dashboard Error States › should handle missing data gracefully 

    Test timeout of 10000ms exceeded while running "beforeEach" hook.

       7 |
       8 | test.describe('Dashboard', () => {
    >  9 |   test.beforeEach(async ({ page }) => {
         |        ^
      10 |     // Navigate to dashboard
      11 |     await page.goto('/');
      12 |     
        at C:\Jarvis\AI Workspace\FibreFlow_React\dev-tools\testing\tests\e2e\dashboard.spec.ts:9:8

    Error: browserContext.newPage: Test timeout of 10000ms exceeded.
]]>
</failure>
</testcase>
</testsuite>
<testsuite name="navigation.spec.ts" timestamp="2025-08-22T10:44:03.231Z" hostname="firefox" tests="3" failures="3" skipped="0" time="30.286" errors="0">
<testcase name="Complete Navigation Tests › @smoke Core Navigation › should navigate to all main dashboard routes" classname="navigation.spec.ts" time="10.081">
<failure message="navigation.spec.ts:16:5 should navigate to all main dashboard routes" type="FAILURE">
<![CDATA[  [firefox] › navigation.spec.ts:16:5 › Complete Navigation Tests › @smoke Core Navigation › should navigate to all main dashboard routes 

    Test timeout of 10000ms exceeded while running "beforeEach" hook.

       7 |
       8 | test.describe('Complete Navigation Tests', () => {
    >  9 |   test.beforeEach(async ({ page }) => {
         |        ^
      10 |     // Navigate to dashboard
      11 |     await page.goto('/');
      12 |     await page.waitForLoadState('networkidle');
        at C:\Jarvis\AI Workspace\FibreFlow_React\dev-tools\testing\tests\e2e\navigation.spec.ts:9:8

    Error: browserContext.newPage: Test timeout of 10000ms exceeded.
]]>
</failure>
</testcase>
<testcase name="Complete Navigation Tests › @regression Navigation Error Handling › should redirect root path to dashboard" classname="navigation.spec.ts" time="10.115">
<failure message="navigation.spec.ts:173:5 should redirect root path to dashboard" type="FAILURE">
<![CDATA[  [firefox] › navigation.spec.ts:173:5 › Complete Navigation Tests › @regression Navigation Error Handling › should redirect root path to dashboard 

    Test timeout of 10000ms exceeded while running "beforeEach" hook.

       7 |
       8 | test.describe('Complete Navigation Tests', () => {
    >  9 |   test.beforeEach(async ({ page }) => {
         |        ^
      10 |     // Navigate to dashboard
      11 |     await page.goto('/');
      12 |     await page.waitForLoadState('networkidle');
        at C:\Jarvis\AI Workspace\FibreFlow_React\dev-tools\testing\tests\e2e\navigation.spec.ts:9:8

    Error: browserContext.newPage: Test timeout of 10000ms exceeded.
]]>
</failure>
</testcase>
<testcase name="Complete Navigation Tests › @regression Navigation Error Handling › should redirect /app to dashboard" classname="navigation.spec.ts" time="10.09">
<failure message="navigation.spec.ts:181:5 should redirect /app to dashboard" type="FAILURE">
<![CDATA[  [firefox] › navigation.spec.ts:181:5 › Complete Navigation Tests › @regression Navigation Error Handling › should redirect /app to dashboard 

    Test timeout of 10000ms exceeded while running "beforeEach" hook.

       7 |
       8 | test.describe('Complete Navigation Tests', () => {
    >  9 |   test.beforeEach(async ({ page }) => {
         |        ^
      10 |     // Navigate to dashboard
      11 |     await page.goto('/');
      12 |     await page.waitForLoadState('networkidle');
        at C:\Jarvis\AI Workspace\FibreFlow_React\dev-tools\testing\tests\e2e\navigation.spec.ts:9:8

    Error: browserContext.newPage: Test timeout of 10000ms exceeded.
]]>
</failure>
</testcase>
</testsuite>
<testsuite name="pole-tracker.spec.ts" timestamp="2025-08-22T10:44:03.231Z" hostname="firefox" tests="4" failures="4" skipped="0" time="40.191" errors="0">
<testcase name="Pole Tracker Module Tests › @smoke Pole Tracker Dashboard › should display pole tracker dashboard with stats" classname="pole-tracker.spec.ts" time="10.044">
<failure message="pole-tracker.spec.ts:16:5 should display pole tracker dashboard with stats" type="FAILURE">
<![CDATA[  [firefox] › pole-tracker.spec.ts:16:5 › Pole Tracker Module Tests › @smoke Pole Tracker Dashboard › should display pole tracker dashboard with stats 

    Test timeout of 10000ms exceeded while running "beforeEach" hook.

       7 |
       8 | test.describe('Pole Tracker Module Tests', () => {
    >  9 |   test.beforeEach(async ({ page }) => {
         |        ^
      10 |     // Navigate to pole tracker
      11 |     await page.goto('/app/pole-tracker');
      12 |     await page.waitForLoadState('networkidle');
        at C:\Jarvis\AI Workspace\FibreFlow_React\dev-tools\testing\tests\e2e\pole-tracker.spec.ts:9:8

    Error: browserContext.newPage: Test timeout of 10000ms exceeded.
]]>
</failure>
</testcase>
<testcase name="Pole Tracker Module Tests › @smoke Pole Tracker Dashboard › should have tabs for different views" classname="pole-tracker.spec.ts" time="10.046">
<failure message="pole-tracker.spec.ts:35:5 should have tabs for different views" type="FAILURE">
<![CDATA[  [firefox] › pole-tracker.spec.ts:35:5 › Pole Tracker Module Tests › @smoke Pole Tracker Dashboard › should have tabs for different views 

    Test timeout of 10000ms exceeded while running "beforeEach" hook.

       7 |
       8 | test.describe('Pole Tracker Module Tests', () => {
    >  9 |   test.beforeEach(async ({ page }) => {
         |        ^
      10 |     // Navigate to pole tracker
      11 |     await page.goto('/app/pole-tracker');
      12 |     await page.waitForLoadState('networkidle');
        at C:\Jarvis\AI Workspace\FibreFlow_React\dev-tools\testing\tests\e2e\pole-tracker.spec.ts:9:8

    Error: browserContext.newPage: Test timeout of 10000ms exceeded.
]]>
</failure>
</testcase>
<testcase name="Pole Tracker Module Tests › @smoke Pole Tracker Dashboard › should display data integrity rules" classname="pole-tracker.spec.ts" time="10.054">
<failure message="pole-tracker.spec.ts:44:5 should display data integrity rules" type="FAILURE">
<![CDATA[  [firefox] › pole-tracker.spec.ts:44:5 › Pole Tracker Module Tests › @smoke Pole Tracker Dashboard › should display data integrity rules 

    Test timeout of 10000ms exceeded while running "beforeEach" hook.

       7 |
       8 | test.describe('Pole Tracker Module Tests', () => {
    >  9 |   test.beforeEach(async ({ page }) => {
         |        ^
      10 |     // Navigate to pole tracker
      11 |     await page.goto('/app/pole-tracker');
      12 |     await page.waitForLoadState('networkidle');
        at C:\Jarvis\AI Workspace\FibreFlow_React\dev-tools\testing\tests\e2e\pole-tracker.spec.ts:9:8

    Error: browserContext.newPage: Test timeout of 10000ms exceeded.
]]>
</failure>
</testcase>
<testcase name="Pole Tracker Module Tests › @smoke Pole Tracker Dashboard › should have navigation buttons" classname="pole-tracker.spec.ts" time="10.047">
<failure message="pole-tracker.spec.ts:53:5 should have navigation buttons" type="FAILURE">
<![CDATA[  [firefox] › pole-tracker.spec.ts:53:5 › Pole Tracker Module Tests › @smoke Pole Tracker Dashboard › should have navigation buttons 

    Test timeout of 10000ms exceeded while running "beforeEach" hook.

       7 |
       8 | test.describe('Pole Tracker Module Tests', () => {
    >  9 |   test.beforeEach(async ({ page }) => {
         |        ^
      10 |     // Navigate to pole tracker
      11 |     await page.goto('/app/pole-tracker');
      12 |     await page.waitForLoadState('networkidle');
        at C:\Jarvis\AI Workspace\FibreFlow_React\dev-tools\testing\tests\e2e\pole-tracker.spec.ts:9:8

    Error: browserContext.newPage: Test timeout of 10000ms exceeded.
]]>
</failure>
</testcase>
</testsuite>
<testsuite name="real-manual-test.spec.ts" timestamp="2025-08-22T10:44:03.231Z" hostname="firefox" tests="1" failures="1" skipped="0" time="10.044" errors="0">
<testcase name="Real Manual Browser Testing with Login › Document the actual dashboard and navigation after successful login" classname="real-manual-test.spec.ts" time="10.044">
<failure message="real-manual-test.spec.ts:75:3 Document the actual dashboard and navigation after successful login" type="FAILURE">
<![CDATA[  [firefox] › real-manual-test.spec.ts:75:3 › Real Manual Browser Testing with Login › Document the actual dashboard and navigation after successful login 

    Test timeout of 10000ms exceeded while setting up "page".

    Error: browserContext.newPage: Test timeout of 10000ms exceeded.
]]>
</failure>
</testcase>
</testsuite>
<testsuite name="dashboard.spec.ts" timestamp="2025-08-22T10:44:03.231Z" hostname="webkit" tests="18" failures="18" skipped="0" time="0.051" errors="0">
<testcase name="Dashboard › @smoke Dashboard Basic Functionality › should display dashboard title and welcome message" classname="dashboard.spec.ts" time="0.012">
<failure message="dashboard.spec.ts:18:5 should display dashboard title and welcome message" type="FAILURE">
<![CDATA[  [webkit] › dashboard.spec.ts:18:5 › Dashboard › @smoke Dashboard Basic Functionality › should display dashboard title and welcome message 

    Error: browserType.launch: Executable doesn't exist at C:\Users\HeinvanVuuren\AppData\Local\ms-playwright\webkit-2203\Playwright.exe
    ╔═════════════════════════════════════════════════════════════════════════╗
    ║ Looks like Playwright Test or Playwright was just installed or updated. ║
    ║ Please run the following command to download new browsers:              ║
    ║                                                                         ║
    ║     npx playwright install                                              ║
    ║                                                                         ║
    ║ <3 Playwright Team                                                      ║
    ╚═════════════════════════════════════════════════════════════════════════╝
]]>
</failure>
</testcase>
<testcase name="Dashboard › @smoke Dashboard Basic Functionality › should display all stat cards" classname="dashboard.spec.ts" time="0.007">
<failure message="dashboard.spec.ts:26:5 should display all stat cards" type="FAILURE">
<![CDATA[  [webkit] › dashboard.spec.ts:26:5 › Dashboard › @smoke Dashboard Basic Functionality › should display all stat cards 

    Error: browserType.launch: Executable doesn't exist at C:\Users\HeinvanVuuren\AppData\Local\ms-playwright\webkit-2203\Playwright.exe
    ╔═════════════════════════════════════════════════════════════════════════╗
    ║ Looks like Playwright Test or Playwright was just installed or updated. ║
    ║ Please run the following command to download new browsers:              ║
    ║                                                                         ║
    ║     npx playwright install                                              ║
    ║                                                                         ║
    ║ <3 Playwright Team                                                      ║
    ╚═════════════════════════════════════════════════════════════════════════╝
]]>
</failure>
</testcase>
<testcase name="Dashboard › @smoke Dashboard Basic Functionality › should display recent activity section" classname="dashboard.spec.ts" time="0.008">
<failure message="dashboard.spec.ts:42:5 should display recent activity section" type="FAILURE">
<![CDATA[  [webkit] › dashboard.spec.ts:42:5 › Dashboard › @smoke Dashboard Basic Functionality › should display recent activity section 

    Error: browserType.launch: Executable doesn't exist at C:\Users\HeinvanVuuren\AppData\Local\ms-playwright\webkit-2203\Playwright.exe
    ╔═════════════════════════════════════════════════════════════════════════╗
    ║ Looks like Playwright Test or Playwright was just installed or updated. ║
    ║ Please run the following command to download new browsers:              ║
    ║                                                                         ║
    ║     npx playwright install                                              ║
    ║                                                                         ║
    ║ <3 Playwright Team                                                      ║
    ╚═════════════════════════════════════════════════════════════════════════╝
]]>
</failure>
</testcase>
<testcase name="Dashboard › @smoke Dashboard Basic Functionality › should display quick actions section" classname="dashboard.spec.ts" time="0.009">
<failure message="dashboard.spec.ts:51:5 should display quick actions section" type="FAILURE">
<![CDATA[  [webkit] › dashboard.spec.ts:51:5 › Dashboard › @smoke Dashboard Basic Functionality › should display quick actions section 

    Error: browserType.launch: Executable doesn't exist at C:\Users\HeinvanVuuren\AppData\Local\ms-playwright\webkit-2203\Playwright.exe
    ╔═════════════════════════════════════════════════════════════════════════╗
    ║ Looks like Playwright Test or Playwright was just installed or updated. ║
    ║ Please run the following command to download new browsers:              ║
    ║                                                                         ║
    ║     npx playwright install                                              ║
    ║                                                                         ║
    ║ <3 Playwright Team                                                      ║
    ╚═════════════════════════════════════════════════════════════════════════╝
]]>
</failure>
</testcase>
<testcase name="Dashboard › @visual Dashboard Visual Elements › should have properly styled stat cards with colored top bars" classname="dashboard.spec.ts" time="0.008">
<failure message="dashboard.spec.ts:62:5 should have properly styled stat cards with colored top bars" type="FAILURE">
<![CDATA[  [webkit] › dashboard.spec.ts:62:5 › Dashboard › @visual Dashboard Visual Elements › should have properly styled stat cards with colored top bars 

    Error: browserType.launch: Executable doesn't exist at C:\Users\HeinvanVuuren\AppData\Local\ms-playwright\webkit-2203\Playwright.exe
    ╔═════════════════════════════════════════════════════════════════════════╗
    ║ Looks like Playwright Test or Playwright was just installed or updated. ║
    ║ Please run the following command to download new browsers:              ║
    ║                                                                         ║
    ║     npx playwright install                                              ║
    ║                                                                         ║
    ║ <3 Playwright Team                                                      ║
    ╚═════════════════════════════════════════════════════════════════════════╝
]]>
</failure>
</testcase>
<testcase name="Dashboard › @visual Dashboard Visual Elements › should have hover effects on stat cards" classname="dashboard.spec.ts" time="0.007">
<failure message="dashboard.spec.ts:75:5 should have hover effects on stat cards" type="FAILURE">
<![CDATA[  [webkit] › dashboard.spec.ts:75:5 › Dashboard › @visual Dashboard Visual Elements › should have hover effects on stat cards 

    Error: browserType.launch: Executable doesn't exist at C:\Users\HeinvanVuuren\AppData\Local\ms-playwright\webkit-2203\Playwright.exe
    ╔═════════════════════════════════════════════════════════════════════════╗
    ║ Looks like Playwright Test or Playwright was just installed or updated. ║
    ║ Please run the following command to download new browsers:              ║
    ║                                                                         ║
    ║     npx playwright install                                              ║
    ║                                                                         ║
    ║ <3 Playwright Team                                                      ║
    ╚═════════════════════════════════════════════════════════════════════════╝
]]>
</failure>
</testcase>
<testcase name="Dashboard › @visual Dashboard Visual Elements › should display icons in stat cards" classname="dashboard.spec.ts" time="0">
<failure message="dashboard.spec.ts:89:5 should display icons in stat cards" type="FAILURE">
<![CDATA[  [webkit] › dashboard.spec.ts:89:5 › Dashboard › @visual Dashboard Visual Elements › should display icons in stat cards 

    Error: worker process exited unexpectedly (code=3221225794, signal=null)
]]>
</failure>
</testcase>
<testcase name="Dashboard › @regression Dashboard Navigation › should navigate to projects page when projects card is clicked" classname="dashboard.spec.ts" time="0">
<failure message="dashboard.spec.ts:102:5 should navigate to projects page when projects card is clicked" type="FAILURE">
<![CDATA[  [webkit] › dashboard.spec.ts:102:5 › Dashboard › @regression Dashboard Navigation › should navigate to projects page when projects card is clicked 

[...]

    Error: worker process exited unexpectedly (code=3221225794, signal=null)
]]>
</failure>
</testcase>
<testcase name="Dashboard › @perf Dashboard Performance › should load within acceptable time" classname="dashboard.spec.ts" time="0">
<failure message="dashboard.spec.ts:211:5 should load within acceptable time" type="FAILURE">
<![CDATA[  [Mobile Safari] › dashboard.spec.ts:211:5 › Dashboard › @perf Dashboard Performance › should load within acceptable time 

    Error: worker process exited unexpectedly (code=3221225794, signal=null)
]]>
</failure>
</testcase>
<testcase name="Dashboard › @perf Dashboard Performance › should have smooth animations" classname="dashboard.spec.ts" time="0">
<failure message="dashboard.spec.ts:223:5 should have smooth animations" type="FAILURE">
<![CDATA[  [Mobile Safari] › dashboard.spec.ts:223:5 › Dashboard › @perf Dashboard Performance › should have smooth animations 

    Error: worker process exited unexpectedly (code=3221225794, signal=null)
]]>
</failure>
</testcase>
<testcase name="Dashboard › @error Dashboard Error States › should handle missing data gracefully" classname="dashboard.spec.ts" time="0">
<failure message="dashboard.spec.ts:238:5 should handle missing data gracefully" type="FAILURE">
<![CDATA[  [Mobile Safari] › dashboard.spec.ts:238:5 › Dashboard › @error Dashboard Error States › should handle missing data gracefully 

    Error: worker process exited unexpectedly (code=3221225794, signal=null)
]]>
</failure>
</testcase>
</testsuite>
<testsuite name="navigation.spec.ts" timestamp="2025-08-22T10:44:03.231Z" hostname="Mobile Safari" tests="3" failures="3" skipped="0" time="0" errors="0">
<testcase name="Complete Navigation Tests › @smoke Core Navigation › should navigate to all main dashboard routes" classname="navigation.spec.ts" time="0">
<failure message="navigation.spec.ts:16:5 should navigate to all main dashboard routes" type="FAILURE">
<![CDATA[  [Mobile Safari] › navigation.spec.ts:16:5 › Complete Navigation Tests › @smoke Core Navigation › should navigate to all main dashboard routes 

    Error: worker process exited unexpectedly (code=3221225794, signal=null)
]]>
</failure>
</testcase>
<testcase name="Complete Navigation Tests › @regression Navigation Error Handling › should redirect root path to dashboard" classname="navigation.spec.ts" time="0">
<failure message="navigation.spec.ts:173:5 should redirect root path to dashboard" type="FAILURE">
<![CDATA[  [Mobile Safari] › navigation.spec.ts:173:5 › Complete Navigation Tests › @regression Navigation Error Handling › should redirect root path to dashboard 

    Error: worker process exited unexpectedly (code=3221225794, signal=null)
]]>
</failure>
</testcase>
<testcase name="Complete Navigation Tests › @regression Navigation Error Handling › should redirect /app to dashboard" classname="navigation.spec.ts" time="0">
<failure message="navigation.spec.ts:181:5 should redirect /app to dashboard" type="FAILURE">
<![CDATA[  [Mobile Safari] › navigation.spec.ts:181:5 › Complete Navigation Tests › @regression Navigation Error Handling › should redirect /app to dashboard 

    Error: worker process exited unexpectedly (code=3221225794, signal=null)
]]>
</failure>
</testcase>
</testsuite>
<testsuite name="pole-tracker.spec.ts" timestamp="2025-08-22T10:44:03.231Z" hostname="Mobile Safari" tests="4" failures="4" skipped="0" time="0" errors="0">
<testcase name="Pole Tracker Module Tests › @smoke Pole Tracker Dashboard › should display pole tracker dashboard with stats" classname="pole-tracker.spec.ts" time="0">
<failure message="pole-tracker.spec.ts:16:5 should display pole tracker dashboard with stats" type="FAILURE">
<![CDATA[  [Mobile Safari] › pole-tracker.spec.ts:16:5 › Pole Tracker Module Tests › @smoke Pole Tracker Dashboard › should display pole tracker dashboard with stats 

    Error: worker process exited unexpectedly (code=3221225794, signal=null)
]]>
</failure>
</testcase>
<testcase name="Pole Tracker Module Tests › @smoke Pole Tracker Dashboard › should have tabs for different views" classname="pole-tracker.spec.ts" time="0">
<failure message="pole-tracker.spec.ts:35:5 should have tabs for different views" type="FAILURE">
<![CDATA[  [Mobile Safari] › pole-tracker.spec.ts:35:5 › Pole Tracker Module Tests › @smoke Pole Tracker Dashboard › should have tabs for different views 

    Error: worker process exited unexpectedly (code=3221225794, signal=null)
]]>
</failure>
</testcase>
<testcase name="Pole Tracker Module Tests › @smoke Pole Tracker Dashboard › should display data integrity rules" classname="pole-tracker.spec.ts" time="0">
<failure message="pole-tracker.spec.ts:44:5 should display data integrity rules" type="FAILURE">
<![CDATA[  [Mobile Safari] › pole-tracker.spec.ts:44:5 › Pole Tracker Module Tests › @smoke Pole Tracker Dashboard › should display data integrity rules 

    Error: worker process exited unexpectedly (code=3221225794, signal=null)
]]>
</failure>
</testcase>
<testcase name="Pole Tracker Module Tests › @smoke Pole Tracker Dashboard › should have navigation buttons" classname="pole-tracker.spec.ts" time="0">
<failure message="pole-tracker.spec.ts:53:5 should have navigation buttons" type="FAILURE">
<![CDATA[  [Mobile Safari] › pole-tracker.spec.ts:53:5 › Pole Tracker Module Tests › @smoke Pole Tracker Dashboard › should have navigation buttons 

    Error: worker process exited unexpectedly (code=3221225794, signal=null)
]]>
</failure>
</testcase>
</testsuite>
<testsuite name="real-manual-test.spec.ts" timestamp="2025-08-22T10:44:03.231Z" hostname="Mobile Safari" tests="1" failures="1" skipped="0" time="0" errors="0">
<testcase name="Real Manual Browser Testing with Login › Document the actual dashboard and navigation after successful login" classname="real-manual-test.spec.ts" time="0">
<failure message="real-manual-test.spec.ts:75:3 Document the actual dashboard and navigation after successful login" type="FAILURE">
<![CDATA[  [Mobile Safari] › real-manual-test.spec.ts:75:3 › Real Manual Browser Testing with Login › Document the actual dashboard and navigation after successful login 

    Error: worker process exited unexpectedly (code=3221225794, signal=null)
]]>
</failure>
</testcase>
</testsuite>
<testsuite name="dashboard.spec.ts" timestamp="2025-08-22T10:44:03.231Z" hostname="Tablet" tests="18" failures="18" skipped="0" time="0" errors="0">
<testcase name="Dashboard › @smoke Dashboard Basic Functionality › should display dashboard title and welcome message" classname="dashboard.spec.ts" time="0">
<failure message="dashboard.spec.ts:18:5 should display dashboard title and welcome message" type="FAILURE">
<![CDATA[  [Tablet] › dashboard.spec.ts:18:5 › Dashboard › @smoke Dashboard Basic Functionality › should display dashboard title and welcome message 

    Error: worker process exited unexpectedly (code=3221225794, signal=null)
]]>
</failure>
</testcase>
<testcase name="Dashboard › @smoke Dashboard Basic Functionality › should display all stat cards" classname="dashboard.spec.ts" time="0">
<failure message="dashboard.spec.ts:26:5 should display all stat cards" type="FAILURE">
<![CDATA[  [Tablet] › dashboard.spec.ts:26:5 › Dashboard › @smoke Dashboard Basic Functionality › should display all stat cards 

    Error: worker process exited unexpectedly (code=3221225794, signal=null)
]]>
</failure>
</testcase>
<testcase name="Dashboard › @smoke Dashboard Basic Functionality › should display recent activity section" classname="dashboard.spec.ts" time="0">
<failure message="dashboard.spec.ts:42:5 should display recent activity section" type="FAILURE">
<![CDATA[  [Tablet] › dashboard.spec.ts:42:5 › Dashboard › @smoke Dashboard Basic Functionality › should display recent activity section 

    Error: worker process exited unexpectedly (code=3221225794, signal=null)
]]>
</failure>
</testcase>
<testcase name="Dashboard › @smoke Dashboard Basic Functionality › should display quick actions section" classname="dashboard.spec.ts" time="0">
<failure message="dashboard.spec.ts:51:5 should display quick actions section" type="FAILURE">
<![CDATA[  [Tablet] › dashboard.spec.ts:51:5 › Dashboard › @smoke Dashboard Basic Functionality › should display quick actions section 

    Error: worker process exited unexpectedly (code=3221225794, signal=null)
]]>
</failure>
</testcase>
<testcase name="Dashboard › @visual Dashboard Visual Elements › should have properly styled stat cards with colored top bars" classname="dashboard.spec.ts" time="0">
<failure message="dashboard.spec.ts:62:5 should have properly styled stat cards with colored top bars" type="FAILURE">
<![CDATA[  [Tablet] › dashboard.spec.ts:62:5 › Dashboard › @visual Dashboard Visual Elements › should have properly styled stat cards with colored top bars 

    Error: worker process exited unexpectedly (code=3221225794, signal=null)
]]>
</failure>
</testcase>
<testcase name="Dashboard › @visual Dashboard Visual Elements › should have hover effects on stat cards" classname="dashboard.spec.ts" time="0">
<failure message="dashboard.spec.ts:75:5 should have hover effects on stat cards" type="FAILURE">
<![CDATA[  [Tablet] › dashboard.spec.ts:75:5 › Dashboard › @visual Dashboard Visual Elements › should have hover effects on stat cards 

    Error: worker process exited unexpectedly (code=3221225794, signal=null)
]]>
</failure>
</testcase>
<testcase name="Dashboard › @visual Dashboard Visual Elements › should display icons in stat cards" classname="dashboard.spec.ts" time="0">
<failure message="dashboard.spec.ts:89:5 should display icons in stat cards" type="FAILURE">
<![CDATA[  [Tablet] › dashboard.spec.ts:89:5 › Dashboard › @visual Dashboard Visual Elements › should display icons in stat cards 

    Error: worker process exited unexpectedly (code=3221225794, signal=null)
]]>
</failure>
</testcase>
<testcase name="Dashboard › @regression Dashboard Navigation › should navigate to projects page when projects card is clicked" classname="dashboard.spec.ts" time="0">
<failure message="dashboard.spec.ts:102:5 should navigate to projects page when projects card is clicked" type="FAILURE">
<![CDATA[  [Tablet] › dashboard.spec.ts:102:5 › Dashboard › @regression Dashboard Navigation › should navigate to projects page when projects card is clicked 

    Error: worker process exited unexpectedly (code=3221225794, signal=null)
]]>
</failure>
</testcase>
<testcase name="Dashboard › @regression Dashboard Navigation › should navigate to staff page when staff card is clicked" classname="dashboard.spec.ts" time="0">
<failure message="dashboard.spec.ts:110:5 should navigate to staff page when staff card is clicked" type="FAILURE">
<![CDATA[  [Tablet] › dashboard.spec.ts:110:5 › Dashboard › @regression Dashboard Navigation › should navigate to staff page when staff card is clicked 

    Error: worker process exited unexpectedly (code=3221225794, signal=null)
]]>
</failure>
</testcase>
<testcase name="Dashboard › @regression Dashboard Navigation › should navigate when quick action buttons are clicked" classname="dashboard.spec.ts" time="0">
<failure message="dashboard.spec.ts:118:5 should navigate when quick action buttons are clicked" type="FAILURE">
<![CDATA[  [Tablet] › dashboard.spec.ts:118:5 › Dashboard › @regression Dashboard Navigation › should navigate when quick action buttons are clicked 

    Error: worker process exited unexpectedly (code=3221225794, signal=null)
]]>
</failure>
</testcase>
<testcase name="Dashboard › @a11y Dashboard Accessibility › should have proper heading hierarchy" classname="dashboard.spec.ts" time="0">
<failure message="dashboard.spec.ts:133:5 should have proper heading hierarchy" type="FAILURE">
<![CDATA[  [Tablet] › dashboard.spec.ts:133:5 › Dashboard › @a11y Dashboard Accessibility › should have proper heading hierarchy 

    Error: worker process exited unexpectedly (code=3221225794, signal=null)
]]>
</failure>
</testcase>
<testcase name="Dashboard › @a11y Dashboard Accessibility › should have keyboard navigation support" classname="dashboard.spec.ts" time="0">
<failure message="dashboard.spec.ts:144:5 should have keyboard navigation support" type="FAILURE">
<![CDATA[  [Tablet] › dashboard.spec.ts:144:5 › Dashboard › @a11y Dashboard Accessibility › should have keyboard navigation support 

    Error: worker process exited unexpectedly (code=3221225794, signal=null)
]]>
</failure>
</testcase>
<testcase name="Dashboard › @a11y Dashboard Accessibility › should have proper ARIA labels and roles" classname="dashboard.spec.ts" time="0">
<failure message="dashboard.spec.ts:160:5 should have proper ARIA labels and roles" type="FAILURE">
<![CDATA[  [Tablet] › dashboard.spec.ts:160:5 › Dashboard › @a11y Dashboard Accessibility › should have proper ARIA labels and roles 

    Error: worker process exited unexpectedly (code=3221225794, signal=null)
]]>
</failure>
</testcase>
<testcase name="Dashboard › @mobile Dashboard Responsive Design › should display properly on mobile viewport" classname="dashboard.spec.ts" time="0">
<failure message="dashboard.spec.ts:178:5 should display properly on mobile viewport" type="FAILURE">
<![CDATA[  [Tablet] › dashboard.spec.ts:178:5 › Dashboard › @mobile Dashboard Responsive Design › should display properly on mobile viewport 

    Error: worker process exited unexpectedly (code=3221225794, signal=null)
]]>
</failure>
</testcase>
<testcase name="Dashboard › @mobile Dashboard Responsive Design › should have readable text on small screens" classname="dashboard.spec.ts" time="0">
<failure message="dashboard.spec.ts:197:5 should have readable text on small screens" type="FAILURE">
<![CDATA[  [Tablet] › dashboard.spec.ts:197:5 › Dashboard › @mobile Dashboard Responsive Design › should have readable text on small screens 

    Error: worker process exited unexpectedly (code=3221225794, signal=null)
]]>
</failure>
</testcase>
<testcase name="Dashboard › @perf Dashboard Performance › should load within acceptable time" classname="dashboard.spec.ts" time="0">
<failure message="dashboard.spec.ts:211:5 should load within acceptable time" type="FAILURE">
<![CDATA[  [Tablet] › dashboard.spec.ts:211:5 › Dashboard › @perf Dashboard Performance › should load within acceptable time 

    Error: worker process exited unexpectedly (code=3221225794, signal=null)
]]>
</failure>
</testcase>
<testcase name="Dashboard › @perf Dashboard Performance › should have smooth animations" classname="dashboard.spec.ts" time="0">
<failure message="dashboard.spec.ts:223:5 should have smooth animations" type="FAILURE">
<![CDATA[  [Tablet] › dashboard.spec.ts:223:5 › Dashboard › @perf Dashboard Performance › should have smooth animations 

    Error: worker process exited unexpectedly (code=3221225794, signal=null)
]]>
</failure>
</testcase>
<testcase name="Dashboard › @error Dashboard Error States › should handle missing data gracefully" classname="dashboard.spec.ts" time="0">
<failure message="dashboard.spec.ts:238:5 should handle missing data gracefully" type="FAILURE">
<![CDATA[  [Tablet] › dashboard.spec.ts:238:5 › Dashboard › @error Dashboard Error States › should handle missing data gracefully 

    Error: worker process exited unexpectedly (code=3221225794, signal=null)
]]>
</failure>
</testcase>
</testsuite>
<testsuite name="navigation.spec.ts" timestamp="2025-08-22T10:44:03.231Z" hostname="Tablet" tests="3" failures="3" skipped="0" time="0" errors="0">
<testcase name="Complete Navigation Tests › @smoke Core Navigation › should navigate to all main dashboard routes" classname="navigation.spec.ts" time="0">
<failure message="navigation.spec.ts:16:5 should navigate to all main dashboard routes" type="FAILURE">
<![CDATA[  [Tablet] › navigation.spec.ts:16:5 › Complete Navigation Tests › @smoke Core Navigation › should navigate to all main dashboard routes 

    Error: worker process exited unexpectedly (code=3221225794, signal=null)
]]>
</failure>
</testcase>
<testcase name="Complete Navigation Tests › @regression Navigation Error Handling › should redirect root path to dashboard" classname="navigation.spec.ts" time="0">
<failure message="navigation.spec.ts:173:5 should redirect root path to dashboard" type="FAILURE">
<![CDATA[  [Tablet] › navigation.spec.ts:173:5 › Complete Navigation Tests › @regression Navigation Error Handling › should redirect root path to dashboard 

    Error: worker process exited unexpectedly (code=3221225794, signal=null)
]]>
</failure>
</testcase>
<testcase name="Complete Navigation Tests › @regression Navigation Error Handling › should redirect /app to dashboard" classname="navigation.spec.ts" time="0">
<failure message="navigation.spec.ts:181:5 should redirect /app to dashboard" type="FAILURE">
<![CDATA[  [Tablet] › navigation.spec.ts:181:5 › Complete Navigation Tests › @regression Navigation Error Handling › should redirect /app to dashboard 

    Error: worker process exited unexpectedly (code=3221225794, signal=null)
]]>
</failure>
</testcase>
</testsuite>
<testsuite name="pole-tracker.spec.ts" timestamp="2025-08-22T10:44:03.231Z" hostname="Tablet" tests="4" failures="4" skipped="0" time="0" errors="0">
<testcase name="Pole Tracker Module Tests › @smoke Pole Tracker Dashboard › should display pole tracker dashboard with stats" classname="pole-tracker.spec.ts" time="0">
<failure message="pole-tracker.spec.ts:16:5 should display pole tracker dashboard with stats" type="FAILURE">
<![CDATA[  [Tablet] › pole-tracker.spec.ts:16:5 › Pole Tracker Module Tests › @smoke Pole Tracker Dashboard › should display pole tracker dashboard with stats 

    Error: worker process exited unexpectedly (code=3221225794, signal=null)
]]>
</failure>
</testcase>
<testcase name="Pole Tracker Module Tests › @smoke Pole Tracker Dashboard › should have tabs for different views" classname="pole-tracker.spec.ts" time="0">
<failure message="pole-tracker.spec.ts:35:5 should have tabs for different views" type="FAILURE">
<![CDATA[  [Tablet] › pole-tracker.spec.ts:35:5 › Pole Tracker Module Tests › @smoke Pole Tracker Dashboard › should have tabs for different views 

    Error: worker process exited unexpectedly (code=3221225794, signal=null)
]]>
</failure>
</testcase>
<testcase name="Pole Tracker Module Tests › @smoke Pole Tracker Dashboard › should display data integrity rules" classname="pole-tracker.spec.ts" time="0">
<failure message="pole-tracker.spec.ts:44:5 should display data integrity rules" type="FAILURE">
<![CDATA[  [Tablet] › pole-tracker.spec.ts:44:5 › Pole Tracker Module Tests › @smoke Pole Tracker Dashboard › should display data integrity rules 

    Error: worker process exited unexpectedly (code=3221225794, signal=null)
]]>
</failure>
</testcase>
<testcase name="Pole Tracker Module Tests › @smoke Pole Tracker Dashboard › should have navigation buttons" classname="pole-tracker.spec.ts" time="0">
<failure message="pole-tracker.spec.ts:53:5 should have navigation buttons" type="FAILURE">
<![CDATA[  [Tablet] › pole-tracker.spec.ts:53:5 › Pole Tracker Module Tests › @smoke Pole Tracker Dashboard › should have navigation buttons 

    Error: worker process exited unexpectedly (code=3221225794, signal=null)
]]>
</failure>
</testcase>
</testsuite>
<testsuite name="real-manual-test.spec.ts" timestamp="2025-08-22T10:44:03.231Z" hostname="Tablet" tests="1" failures="1" skipped="0" time="0" errors="0">
<testcase name="Real Manual Browser Testing with Login › Document the actual dashboard and navigation after successful login" classname="real-manual-test.spec.ts" time="0">
<failure message="real-manual-test.spec.ts:75:3 Document the actual dashboard and navigation after successful login" type="FAILURE">
<![CDATA[  [Tablet] › real-manual-test.spec.ts:75:3 › Real Manual Browser Testing with Login › Document the actual dashboard and navigation after successful login 

    Error: worker process exited unexpectedly (code=3221225794, signal=null)
]]>
</failure>
</testcase>
</testsuite>
</testsuites>